[INFO] [1653756292.176300018] [odom_translator]: Input odometry topic: /rtabmap/odom
[INFO] [1653756292.176765686] [odom_translator]: Output odometry path topic: /odom_path
[INFO] [1653756292.176892471] [odom_translator]: Output odometry current pose topic: /odom_current
[INFO] [1653756292.177026232] [odom_translator]: Base frame ID: camera_link
[INFO] [1653756292.177165434] [odom_translator]: Base frame ID: camera_link
[INFO] [1653756292.177262650] [odom_translator]: Rate of the publication in seconds: 0.500000
[INFO] [1653756292.177363995] [odom_translator]: Length of the arrow marker: 0.100000
[INFO] [1653756292.177457052] [odom_translator]: Minimal difference between odometry markers: 0.030000
[INFO] [1653756292.177562525] [odom_translator]: The lifetime of a marker in seconds: 5.000000
[INFO] [1653756292.177654590] [odom_translator]: Markers count: 10
[INFO] [1653756292.177743807] [odom_translator]: QoS settings profile: DEFAULT
[INFO] [1653756292.177833056] [odom_translator]: Debug mode: false
[WARN] [1653756297.194277841] [odom_translator]: Data from the topic /rtabmap/odom has not been received for more than 5 seconds. Check that the input topic is being published correctly.
[WARN] [1653756302.194472633] [odom_translator]: There are no subscribers at /odom_path, thus the marker messages will not be published.
[WARN] [1653756307.194552874] [odom_translator]: There are no subscribers at /odom_path, thus the marker messages will not be published.
[WARN] [1653756312.194688996] [odom_translator]: There are no subscribers at /odom_path, thus the marker messages will not be published.
[WARN] [1653756317.195238539] [odom_translator]: There are no subscribers at /odom_path, thus the marker messages will not be published.
[INFO] [1653756321.916503326] [odom_translator]: Odometry received at 0.999968
[INFO] [1653756321.999787983] [odom_translator]: Odometry received at 0.999962
[INFO] [1653756322.088999925] [odom_translator]: Odometry received at 0.999960
[INFO] [1653756322.174650396] [odom_translator]: Odometry received at 0.999961
[INFO] [1653756322.194816114] [odom_translator]: Odometry message added to the path and republished at 1653756322.194790, markers count: 1
[WARN] [1653756322.195633529] [odom_translator]: Data from the topic /rtabmap/odom has not been received for more than 5 seconds. Check that the input topic is being published correctly.
[INFO] [1653756322.277771040] [odom_translator]: Odometry received at 0.999955
[INFO] [1653756322.372222134] [odom_translator]: Odometry received at 0.999938
[INFO] [1653756322.472064796] [odom_translator]: Odometry received at 0.999937
[INFO] [1653756322.605680052] [odom_translator]: Odometry received at 0.999899
[INFO] [1653756322.725215853] [odom_translator]: Odometry received at 0.999939
[INFO] [1653756322.859877134] [odom_translator]: Odometry received at 0.999938
[INFO] [1653756322.964954436] [odom_translator]: Odometry received at 0.999940
[INFO] [1653756323.071433223] [odom_translator]: Odometry received at 0.999938
[INFO] [1653756323.156132772] [odom_translator]: Odometry received at 0.999934
[INFO] [1653756323.260665301] [odom_translator]: Odometry received at 0.999938
[INFO] [1653756323.353408476] [odom_translator]: Odometry received at 0.999935
[INFO] [1653756323.444734325] [odom_translator]: Odometry received at 0.999937
[INFO] [1653756323.535023302] [odom_translator]: Odometry received at 0.999941
[INFO] [1653756323.635191023] [odom_translator]: Odometry received at 0.999942
[INFO] [1653756323.748596689] [odom_translator]: Odometry received at 0.999934
[INFO] [1653756323.826152558] [odom_translator]: Odometry received at 0.999937
[INFO] [1653756323.917037635] [odom_translator]: Odometry received at 0.999932
[INFO] [1653756324.009950283] [odom_translator]: Odometry received at 0.999941
[INFO] [1653756324.109642641] [odom_translator]: Odometry received at 0.999940
[INFO] [1653756324.198098640] [odom_translator]: Odometry received at 0.999937
[INFO] [1653756324.277871073] [odom_translator]: Odometry received at 0.999938
[INFO] [1653756324.359122688] [odom_translator]: Odometry received at 0.999941
[INFO] [1653756324.534652275] [odom_translator]: Odometry received at 0.999934
[INFO] [1653756324.559499508] [odom_translator]: Odometry received at 0.999942
[INFO] [1653756324.641896093] [odom_translator]: Odometry received at 0.999939
[INFO] [1653756324.728836431] [odom_translator]: Odometry received at 0.999943
[INFO] [1653756324.818909565] [odom_translator]: Odometry received at 0.999941
[INFO] [1653756324.928913695] [odom_translator]: Odometry received at 0.999941
[INFO] [1653756325.025540041] [odom_translator]: Odometry received at 0.999932
[INFO] [1653756325.116780290] [odom_translator]: Odometry received at 0.999924
[INFO] [1653756325.195135494] [odom_translator]: Odometry received at 0.999936
[INFO] [1653756325.274914584] [odom_translator]: Odometry received at 0.999925
[INFO] [1653756325.371305055] [odom_translator]: Odometry received at 0.999928
[INFO] [1653756325.474560709] [odom_translator]: Odometry received at 0.999900
[INFO] [1653756325.568849049] [odom_translator]: Odometry received at 0.999899
[INFO] [1653756325.656582002] [odom_translator]: Odometry received at 0.999900
[INFO] [1653756325.751497132] [odom_translator]: Odometry received at 0.999919
[INFO] [1653756325.866656606] [odom_translator]: Odometry received at 0.999915
[INFO] [1653756325.963676683] [odom_translator]: Odometry received at 0.999916
[INFO] [1653756326.070763475] [odom_translator]: Odometry received at 0.999918
[INFO] [1653756326.167386269] [odom_translator]: Odometry received at 0.999912
[INFO] [1653756326.259697503] [odom_translator]: Odometry received at 0.999917
[INFO] [1653756326.338045252] [odom_translator]: Odometry received at 0.999912
[INFO] [1653756326.442336402] [odom_translator]: Odometry received at 0.999909
[INFO] [1653756326.542817727] [odom_translator]: Odometry received at 0.999909
[INFO] [1653756326.827510861] [odom_translator]: Odometry received at 0.999924
[INFO] [1653756326.945072628] [odom_translator]: Odometry received at 0.999920
[INFO] [1653756327.047095566] [odom_translator]: Odometry received at 0.999917
[WARN] [1653756327.194880295] [odom_translator]: Data from the topic /rtabmap/odom has not been received for more than 5 seconds. Check that the input topic is being published correctly.
[INFO] [1653756327.255700909] [odom_translator]: Odometry received at 0.999916
[INFO] [1653756327.347862062] [odom_translator]: Odometry received at 0.999913
[INFO] [1653756327.444717946] [odom_translator]: Odometry received at 0.999916
[INFO] [1653756327.528416846] [odom_translator]: Odometry received at 0.999906
[INFO] [1653756327.623014438] [odom_translator]: Odometry received at 0.999910
[INFO] [1653756327.729562473] [odom_translator]: Odometry received at 0.999913
[INFO] [1653756327.813552705] [odom_translator]: Odometry received at 0.999916
[INFO] [1653756327.909528548] [odom_translator]: Odometry received at 0.999904
[INFO] [1653756327.996589304] [odom_translator]: Odometry received at 0.999907
[INFO] [1653756328.097028708] [odom_translator]: Odometry received at 0.999902
[INFO] [1653756328.180350805] [odom_translator]: Odometry received at 0.999905
[INFO] [1653756328.284663332] [odom_translator]: Odometry received at 0.999898
[INFO] [1653756328.372245052] [odom_translator]: Odometry received at 0.999898
[INFO] [1653756328.476244841] [odom_translator]: Odometry received at 0.999891
[INFO] [1653756328.565113004] [odom_translator]: Odometry received at 0.999877
[INFO] [1653756328.663969994] [odom_translator]: Odometry received at 0.999874
[INFO] [1653756328.757741690] [odom_translator]: Odometry received at 0.999885
[INFO] [1653756328.868804710] [odom_translator]: Odometry received at 0.999876
[INFO] [1653756328.952843134] [odom_translator]: Odometry received at 0.999876
[INFO] [1653756329.024917610] [odom_translator]: Odometry received at 0.999866
[INFO] [1653756329.108718848] [odom_translator]: Odometry received at 0.999862
[INFO] [1653756329.209753713] [odom_translator]: Odometry received at 0.999871
[INFO] [1653756329.297773997] [odom_translator]: Odometry received at 0.999866
[INFO] [1653756329.379177101] [odom_translator]: Odometry received at 0.999862
[INFO] [1653756329.458978367] [odom_translator]: Odometry received at 0.999869
[INFO] [1653756329.543549340] [odom_translator]: Odometry received at 0.999863
[INFO] [1653756329.622925641] [odom_translator]: Odometry received at 0.999860
[INFO] [1653756329.806185058] [odom_translator]: Odometry received at 0.999866
[INFO] [1653756329.873335426] [odom_translator]: Odometry received at 0.999860
[INFO] [1653756329.948425097] [odom_translator]: Odometry received at 0.999851
[INFO] [1653756330.037550063] [odom_translator]: Odometry received at 0.999867
[INFO] [1653756330.118500907] [odom_translator]: Odometry received at 0.999855
[INFO] [1653756330.195453506] [odom_translator]: Odometry received at 0.999871
[INFO] [1653756330.273466276] [odom_translator]: Odometry received at 0.999862
[INFO] [1653756330.354395552] [odom_translator]: Odometry received at 0.999850
[INFO] [1653756330.442613694] [odom_translator]: Odometry received at 0.999838
[INFO] [1653756330.546008260] [odom_translator]: Odometry received at 0.999834
[INFO] [1653756330.628346957] [odom_translator]: Odometry received at 0.999829
[INFO] [1653756330.706973268] [odom_translator]: Odometry received at 0.999825
[INFO] [1653756330.790720649] [odom_translator]: Odometry received at 0.999827
[INFO] [1653756330.874142268] [odom_translator]: Odometry received at 0.999834
[INFO] [1653756330.957695055] [odom_translator]: Odometry received at 0.999839
[INFO] [1653756331.038273192] [odom_translator]: Odometry received at 0.999846
[INFO] [1653756331.122635139] [odom_translator]: Odometry received at 0.999838
[INFO] [1653756331.220658489] [odom_translator]: Odometry received at 0.999833
[INFO] [1653756331.303967755] [odom_translator]: Odometry received at 0.999834
[INFO] [1653756331.393103441] [odom_translator]: Odometry received at 0.999825
[INFO] [1653756331.476721061] [odom_translator]: Odometry received at 0.999837
[INFO] [1653756331.573790611] [odom_translator]: Odometry received at 0.999833
[INFO] [1653756331.656156988] [odom_translator]: Odometry received at 0.999836
[INFO] [1653756331.846856952] [odom_translator]: Odometry received at 0.999836
[INFO] [1653756331.980881300] [odom_translator]: Odometry received at 0.999828
[INFO] [1653756332.060084704] [odom_translator]: Odometry received at 0.999827
[INFO] [1653756332.182117456] [odom_translator]: Odometry received at 0.999814
[WARN] [1653756332.194574241] [odom_translator]: Data from the topic /rtabmap/odom has not been received for more than 5 seconds. Check that the input topic is being published correctly.
[INFO] [1653756332.288103055] [odom_translator]: Odometry received at 0.999839
[INFO] [1653756332.365342857] [odom_translator]: Odometry received at 0.999820
[INFO] [1653756332.441463513] [odom_translator]: Odometry received at 0.999830
[INFO] [1653756332.523152028] [odom_translator]: Odometry received at 0.999829
[INFO] [1653756332.601377984] [odom_translator]: Odometry received at 0.999833
[INFO] [1653756332.709359952] [odom_translator]: Odometry received at 0.999826
[INFO] [1653756332.805559830] [odom_translator]: Odometry received at 0.999830
[INFO] [1653756332.898008922] [odom_translator]: Odometry received at 0.999832
[INFO] [1653756332.985846549] [odom_translator]: Odometry received at 0.999825
[INFO] [1653756333.068594081] [odom_translator]: Odometry received at 0.999823
[INFO] [1653756333.166414966] [odom_translator]: Odometry received at 0.999829
[INFO] [1653756333.247250193] [odom_translator]: Odometry received at 0.999824
[INFO] [1653756333.334344452] [odom_translator]: Odometry received at 0.999814
[INFO] [1653756333.419137635] [odom_translator]: Odometry received at 0.999817
[INFO] [1653756333.514564450] [odom_translator]: Odometry received at 0.999820
[INFO] [1653756333.597084013] [odom_translator]: Odometry received at 0.999835
[INFO] [1653756333.683036406] [odom_translator]: Odometry received at 0.999835
[INFO] [1653756333.774673747] [odom_translator]: Odometry received at 0.999828
[INFO] [1653756333.858709099] [odom_translator]: Odometry received at 0.999850
[INFO] [1653756333.954000873] [odom_translator]: Odometry received at 0.999869
[INFO] [1653756334.032861682] [odom_translator]: Odometry received at 0.999875
[INFO] [1653756334.113597420] [odom_translator]: Odometry received at 0.999876
[INFO] [1653756334.193828930] [odom_translator]: Odometry received at 0.999880
[INFO] [1653756334.277871354] [odom_translator]: Odometry received at 0.999875
[INFO] [1653756334.356326559] [odom_translator]: Odometry received at 0.999869
[INFO] [1653756334.442899950] [odom_translator]: Odometry received at 0.999866
[INFO] [1653756334.528837591] [odom_translator]: Odometry received at 0.999878
[INFO] [1653756334.618495810] [odom_translator]: Odometry received at 0.999873
[INFO] [1653756334.697936625] [odom_translator]: Odometry received at 0.999874
[INFO] [1653756334.777352127] [odom_translator]: Odometry received at 0.999865
[INFO] [1653756334.864723925] [odom_translator]: Odometry received at 0.999873
[INFO] [1653756334.948951599] [odom_translator]: Odometry received at 0.999867
[INFO] [1653756335.028914818] [odom_translator]: Odometry received at 0.999860
[INFO] [1653756335.112223284] [odom_translator]: Odometry received at 0.999858
[INFO] [1653756335.195325603] [odom_translator]: Odometry received at 0.999864
[INFO] [1653756335.285369234] [odom_translator]: Odometry received at 0.999864
[INFO] [1653756335.362881071] [odom_translator]: Odometry received at 0.999852
[INFO] [1653756335.444236271] [odom_translator]: Odometry received at 0.999858
[INFO] [1653756335.529550770] [odom_translator]: Odometry received at 0.999857
[INFO] [1653756335.610917650] [odom_translator]: Odometry received at 0.999863
[INFO] [1653756335.694089571] [odom_translator]: Odometry received at 0.999860
[INFO] [1653756335.776283178] [odom_translator]: Odometry received at 0.999872
[INFO] [1653756335.858702099] [odom_translator]: Odometry received at 0.999885
[INFO] [1653756335.939269708] [odom_translator]: Odometry received at 0.999887
[INFO] [1653756336.022070297] [odom_translator]: Odometry received at 0.999883
[INFO] [1653756336.104654308] [odom_translator]: Odometry received at 0.999879
[INFO] [1653756336.212096080] [odom_translator]: Odometry received at 0.999879
[INFO] [1653756336.316314366] [odom_translator]: Odometry received at 0.999877
[INFO] [1653756336.418388186] [odom_translator]: Odometry received at 0.999884
[INFO] [1653756336.508706443] [odom_translator]: Odometry received at 0.999877
[INFO] [1653756336.605945082] [odom_translator]: Odometry received at 0.999879
[INFO] [1653756336.699208390] [odom_translator]: Odometry received at 0.999874
[INFO] [1653756336.809101832] [odom_translator]: Odometry received at 0.999877
[INFO] [1653756336.897845290] [odom_translator]: Odometry received at 0.999882
[INFO] [1653756337.012294294] [odom_translator]: Odometry received at 0.999878
[INFO] [1653756337.093787383] [odom_translator]: Odometry received at 0.999876
[INFO] [1653756337.193160442] [odom_translator]: Odometry received at 0.999881
[WARN] [1653756337.198498986] [odom_translator]: Data from the topic /rtabmap/odom has not been received for more than 5 seconds. Check that the input topic is being published correctly.
[INFO] [1653756337.295359094] [odom_translator]: Odometry received at 0.999888
[INFO] [1653756337.409592095] [odom_translator]: Odometry received at 0.999913
[INFO] [1653756337.507689015] [odom_translator]: Odometry received at 0.999912
[INFO] [1653756337.622872552] [odom_translator]: Odometry received at 0.999928
[INFO] [1653756337.700096259] [odom_translator]: Odometry received at 0.999948
[INFO] [1653756337.821290187] [odom_translator]: Odometry received at 0.999959
[INFO] [1653756337.901608546] [odom_translator]: Odometry received at 0.999955
[INFO] [1653756337.979021630] [odom_translator]: Odometry received at 0.999960
[INFO] [1653756338.056350233] [odom_translator]: Odometry received at 0.999954
[INFO] [1653756338.133248817] [odom_translator]: Odometry received at 0.999948
[INFO] [1653756338.207832500] [odom_translator]: Odometry received at 0.999951
[INFO] [1653756338.284982862] [odom_translator]: Odometry received at 0.999951
[INFO] [1653756338.360994621] [odom_translator]: Odometry received at 0.999946
[INFO] [1653756338.434786393] [odom_translator]: Odometry received at 0.999947
[INFO] [1653756338.511305421] [odom_translator]: Odometry received at 0.999948
[INFO] [1653756338.674199214] [odom_translator]: Odometry received at 0.999951
[INFO] [1653756338.749449815] [odom_translator]: Odometry received at 0.999949
[INFO] [1653756338.836390825] [odom_translator]: Odometry received at 0.999961
[INFO] [1653756338.913653380] [odom_translator]: Odometry received at 0.999959
[INFO] [1653756338.984749447] [odom_translator]: Odometry received at 0.999959
[INFO] [1653756339.073419497] [odom_translator]: Odometry received at 0.999973
[INFO] [1653756339.157454434] [odom_translator]: Odometry received at 0.999968
[INFO] [1653756339.244323763] [odom_translator]: Odometry received at 0.999969
[INFO] [1653756339.326664764] [odom_translator]: Odometry received at 0.999989
[INFO] [1653756339.398734088] [odom_translator]: Odometry received at 0.999985
[INFO] [1653756339.477020140] [odom_translator]: Odometry received at 0.999967
[INFO] [1653756339.572602925] [odom_translator]: Odometry received at 0.999968
[INFO] [1653756339.672498357] [odom_translator]: Odometry received at 0.999961
[INFO] [1653756339.757001105] [odom_translator]: Odometry received at 0.999967
[INFO] [1653756339.857083546] [odom_translator]: Odometry received at 0.999972
[INFO] [1653756339.942361342] [odom_translator]: Odometry received at 0.999977
[INFO] [1653756340.037626300] [odom_translator]: Odometry received at 0.999983
[INFO] [1653756340.126729474] [odom_translator]: Odometry received at 0.999972
[INFO] [1653756340.211162590] [odom_translator]: Odometry received at 0.999964
[INFO] [1653756340.312225616] [odom_translator]: Odometry received at 0.999965
[INFO] [1653756340.396370569] [odom_translator]: Odometry received at 0.999954
[INFO] [1653756340.489580948] [odom_translator]: Odometry received at 0.999953
[INFO] [1653756340.577643953] [odom_translator]: Odometry received at 0.999952
[INFO] [1653756340.663540666] [odom_translator]: Odometry received at 0.999952
[INFO] [1653756340.777361856] [odom_translator]: Odometry received at 0.999963
[INFO] [1653756340.862037726] [odom_translator]: Odometry received at 0.999955
[INFO] [1653756340.954534274] [odom_translator]: Odometry received at 0.999954
[INFO] [1653756341.034323316] [odom_translator]: Odometry received at 0.999948
[INFO] [1653756341.133019729] [odom_translator]: Odometry received at 0.999951
[INFO] [1653756341.224646158] [odom_translator]: Odometry received at 0.999943
[INFO] [1653756341.312351559] [odom_translator]: Odometry received at 0.999943
[INFO] [1653756341.399399995] [odom_translator]: Odometry received at 0.999945
[INFO] [1653756341.493386157] [odom_translator]: Odometry received at 0.999938
[INFO] [1653756341.582148432] [odom_translator]: Odometry received at 0.999943
[INFO] [1653756341.678895355] [odom_translator]: Odometry received at 0.999955
[INFO] [1653756341.775647367] [odom_translator]: Odometry received at 0.999948
[INFO] [1653756341.866729951] [odom_translator]: Odometry received at 0.999946
[INFO] [1653756341.957998040] [odom_translator]: Odometry received at 0.999946
[INFO] [1653756342.039230327] [odom_translator]: Odometry received at 0.999942
[INFO] [1653756342.136732649] [odom_translator]: Odometry received at 0.999941
[WARN] [1653756342.194922456] [odom_translator]: Data from the topic /rtabmap/odom has not been received for more than 5 seconds. Check that the input topic is being published correctly.
[INFO] [1653756342.226019089] [odom_translator]: Odometry received at 0.999940
[INFO] [1653756342.319282013] [odom_translator]: Odometry received at 0.999953
[INFO] [1653756342.401230818] [odom_translator]: Odometry received at 0.999941
[INFO] [1653756342.484512820] [odom_translator]: Odometry received at 0.999933
[INFO] [1653756342.583357874] [odom_translator]: Odometry received at 0.999925
[INFO] [1653756342.676192410] [odom_translator]: Odometry received at 0.999919
[INFO] [1653756342.759505164] [odom_translator]: Odometry received at 0.999914
[INFO] [1653756342.855592017] [odom_translator]: Odometry received at 0.999928
[INFO] [1653756342.942283137] [odom_translator]: Odometry received at 0.999907
[INFO] [1653756343.033724028] [odom_translator]: Odometry received at 0.999917
[INFO] [1653756343.109266152] [odom_translator]: Odometry received at 0.999936
[INFO] [1653756343.206340534] [odom_translator]: Odometry received at 0.999913
[INFO] [1653756343.292633635] [odom_translator]: Odometry received at 0.999941
[INFO] [1653756343.390494904] [odom_translator]: Odometry received at 0.999946
[INFO] [1653756343.477950256] [odom_translator]: Odometry received at 0.999945
[INFO] [1653756343.568844710] [odom_translator]: Odometry received at 0.999954
[INFO] [1653756343.648033554] [odom_translator]: Odometry received at 0.999969
[INFO] [1653756343.728602091] [odom_translator]: Odometry received at 0.999969
[INFO] [1653756343.815672735] [odom_translator]: Odometry received at 0.999971
[INFO] [1653756343.911916486] [odom_translator]: Odometry received at 0.999961
[INFO] [1653756344.000556616] [odom_translator]: Odometry received at 0.999970
[INFO] [1653756344.092411975] [odom_translator]: Odometry received at 0.999970
[INFO] [1653756344.193761756] [odom_translator]: Odometry received at 0.999975
[INFO] [1653756344.287406187] [odom_translator]: Odometry received at 0.999970
[INFO] [1653756344.376518385] [odom_translator]: Odometry received at 0.999975
[INFO] [1653756344.464820048] [odom_translator]: Odometry received at 0.999990
[INFO] [1653756344.541223396] [odom_translator]: Odometry received at 0.999987
[INFO] [1653756344.629652420] [odom_translator]: Odometry received at 0.999984
[INFO] [1653756344.713798333] [odom_translator]: Odometry received at 0.999994
[INFO] [1653756344.798067927] [odom_translator]: Odometry received at 0.999994
[INFO] [1653756344.883148889] [odom_translator]: Odometry received at 0.999991
[INFO] [1653756344.967467060] [odom_translator]: Odometry received at 0.999997
[INFO] [1653756345.054250821] [odom_translator]: Odometry received at 0.999990
[INFO] [1653756345.141427738] [odom_translator]: Odometry received at 0.999939
[INFO] [1653756345.251436573] [odom_translator]: Odometry received at 0.999968
[INFO] [1653756345.358911082] [odom_translator]: Odometry received at 0.999549
[INFO] [1653756345.486571501] [odom_translator]: Odometry received at 0.997726
[INFO] [1653756345.584415266] [odom_translator]: Odometry received at 0.995489
[INFO] [1653756345.675441690] [odom_translator]: Odometry received at 0.994018
[INFO] [1653756345.695301998] [odom_translator]: Odometry message added to the path and republished at 1653756345.695295, markers count: 2
[INFO] [1653756345.766236335] [odom_translator]: Odometry received at 0.993659
[INFO] [1653756345.867349442] [odom_translator]: Odometry received at 0.993909
[INFO] [1653756345.952157698] [odom_translator]: Odometry received at 0.993967
[INFO] [1653756346.041545162] [odom_translator]: Odometry received at 0.994227
[INFO] [1653756346.121004953] [odom_translator]: Odometry received at 0.994339
[INFO] [1653756346.229728241] [odom_translator]: Odometry received at 0.995091
[INFO] [1653756346.308540986] [odom_translator]: Odometry received at 0.994940
[INFO] [1653756346.408172576] [odom_translator]: Odometry received at 0.995108
[INFO] [1653756346.492163832] [odom_translator]: Odometry received at 0.995262
[INFO] [1653756346.577524796] [odom_translator]: Odometry received at 0.995152
[INFO] [1653756346.654955225] [odom_translator]: Odometry received at 0.995229
[INFO] [1653756346.695085444] [odom_translator]: Odometry message added to the path and republished at 1653756346.695079, markers count: 3
[INFO] [1653756346.744284001] [odom_translator]: Odometry received at 0.995203
[INFO] [1653756346.850509506] [odom_translator]: Odometry received at 0.995246
[INFO] [1653756346.941018549] [odom_translator]: Odometry received at 0.994945
[INFO] [1653756347.027715302] [odom_translator]: Odometry received at 0.994616
[INFO] [1653756347.128987930] [odom_translator]: Odometry received at 0.994218
[WARN] [1653756347.195117104] [odom_translator]: Data from the topic /rtabmap/odom has not been received for more than 5 seconds. Check that the input topic is being published correctly.
[INFO] [1653756347.217283961] [odom_translator]: Odometry received at 0.994038
[INFO] [1653756347.306626241] [odom_translator]: Odometry received at 0.993223
[INFO] [1653756347.414408753] [odom_translator]: Odometry received at 0.990798
[INFO] [1653756347.510268692] [odom_translator]: Odometry received at 0.989925
[INFO] [1653756347.605266000] [odom_translator]: Odometry received at 0.988982
[INFO] [1653756347.695253182] [odom_translator]: Odometry message added to the path and republished at 1653756347.695246, markers count: 4
[INFO] [1653756347.718058444] [odom_translator]: Odometry received at 0.988368
[INFO] [1653756347.830655367] [odom_translator]: Odometry received at 0.986231
[INFO] [1653756347.969811122] [odom_translator]: Odometry received at 0.982647
[INFO] [1653756348.067885578] [odom_translator]: Odometry received at 0.981573
[INFO] [1653756348.154201303] [odom_translator]: Odometry received at 0.981395
[INFO] [1653756348.310633983] [odom_translator]: Odometry received at 0.983836
[INFO] [1653756348.452864518] [odom_translator]: Odometry received at 0.985052
[INFO] [1653756348.799999531] [odom_translator]: Odometry received at 0.990013
[INFO] [1653756348.935683127] [odom_translator]: Odometry received at 0.992542
[INFO] [1653756349.022897964] [odom_translator]: Odometry received at 0.993222
[INFO] [1653756349.123603355] [odom_translator]: Odometry received at 0.993654
[INFO] [1653756349.209980937] [odom_translator]: Odometry received at 0.993816
[INFO] [1653756349.312389288] [odom_translator]: Odometry received at 0.993898
[INFO] [1653756349.395549784] [odom_translator]: Odometry received at 0.994001
[INFO] [1653756349.494607193] [odom_translator]: Odometry received at 0.994010
[INFO] [1653756349.578001739] [odom_translator]: Odometry received at 0.994347
[INFO] [1653756349.683343813] [odom_translator]: Odometry received at 0.995204
[INFO] [1653756349.784280630] [odom_translator]: Odometry received at 0.995406
[INFO] [1653756349.857749871] [odom_translator]: Odometry received at 0.995537
[INFO] [1653756349.972945505] [odom_translator]: Odometry received at 0.995456
[INFO] [1653756350.057683040] [odom_translator]: Odometry received at 0.995791
[INFO] [1653756350.163756288] [odom_translator]: Odometry received at 0.995885
[INFO] [1653756350.252116608] [odom_translator]: Odometry received at 0.995696
[INFO] [1653756350.343590076] [odom_translator]: Odometry received at 0.995450
[INFO] [1653756350.459587253] [odom_translator]: Odometry received at 0.994953
[INFO] [1653756350.543245066] [odom_translator]: Odometry received at 0.995101
[INFO] [1653756350.641833063] [odom_translator]: Odometry received at 0.995523
[INFO] [1653756350.744064612] [odom_translator]: Odometry received at 0.995539
[INFO] [1653756350.835401246] [odom_translator]: Odometry received at 0.995648
[INFO] [1653756350.983283801] [odom_translator]: Odometry received at 0.995185
[INFO] [1653756351.195265239] [odom_translator]: Odometry message added to the path and republished at 1653756351.195258, markers count: 5
[ERROR] [1653756351.220324442] [odom_translator]: Null odometry has been received at 0.000000, aborting translation
[ERROR] [1653756351.365896959] [odom_translator]: Null odometry has been received at 0.000000, aborting translation
[ERROR] [1653756351.512255628] [odom_translator]: Null odometry has been received at 0.000000, aborting translation
[ERROR] [1653756351.662254777] [odom_translator]: Null odometry has been received at 0.000000, aborting translation
[ERROR] [1653756351.799701173] [odom_translator]: Null odometry has been received at 0.000000, aborting translation
[ERROR] [1653756351.923729400] [odom_translator]: Null odometry has been received at 0.000000, aborting translation
[ERROR] [1653756352.062504448] [odom_translator]: Null odometry has been received at 0.000000, aborting translation
[ERROR] [1653756352.208399848] [odom_translator]: Null odometry has been received at 0.000000, aborting translation
[ERROR] [1653756352.334288667] [odom_translator]: Null odometry has been received at 0.000000, aborting translation
[ERROR] [1653756352.474087437] [odom_translator]: Null odometry has been received at 0.000000, aborting translation
[ERROR] [1653756352.613492186] [odom_translator]: Null odometry has been received at 0.000000, aborting translation
[ERROR] [1653756352.747693465] [odom_translator]: Null odometry has been received at 0.000000, aborting translation
[ERROR] [1653756352.872031070] [odom_translator]: Null odometry has been received at 0.000000, aborting translation
[ERROR] [1653756352.999102908] [odom_translator]: Null odometry has been received at 0.000000, aborting translation
[ERROR] [1653756353.121615505] [odom_translator]: Null odometry has been received at 0.000000, aborting translation
[ERROR] [1653756353.260325689] [odom_translator]: Null odometry has been received at 0.000000, aborting translation
[ERROR] [1653756353.384551837] [odom_translator]: Null odometry has been received at 0.000000, aborting translation
[ERROR] [1653756353.483993601] [odom_translator]: Null odometry has been received at 0.000000, aborting translation
[ERROR] [1653756353.612449836] [odom_translator]: Null odometry has been received at 0.000000, aborting translation
[ERROR] [1653756353.746236070] [odom_translator]: Null odometry has been received at 0.000000, aborting translation
[ERROR] [1653756353.875470712] [odom_translator]: Null odometry has been received at 0.000000, aborting translation
[ERROR] [1653756354.007301537] [odom_translator]: Null odometry has been received at 0.000000, aborting translation
[ERROR] [1653756354.140534007] [odom_translator]: Null odometry has been received at 0.000000, aborting translation
[INFO] [1653756354.337066538] [odom_translator]: Odometry received at 0.992198
[INFO] [1653756354.471220424] [odom_translator]: Odometry received at 0.993327
[INFO] [1653756354.560383055] [odom_translator]: Odometry received at 0.994250
[INFO] [1653756354.654904487] [odom_translator]: Odometry received at 0.994921
[INFO] [1653756354.695586391] [odom_translator]: Odometry message added to the path and republished at 1653756354.695579, markers count: 6
[INFO] [1653756354.737916694] [odom_translator]: Odometry received at 0.995780
[INFO] [1653756354.822543924] [odom_translator]: Odometry received at 0.996225
[INFO] [1653756354.916456966] [odom_translator]: Odometry received at 0.996672
[INFO] [1653756355.023650928] [odom_translator]: Odometry received at 0.995519
[INFO] [1653756355.107969740] [odom_translator]: Odometry received at 0.995223
[INFO] [1653756355.189477261] [odom_translator]: Odometry received at 0.994328
[INFO] [1653756355.299875989] [odom_translator]: Odometry received at 0.994338
[INFO] [1653756355.387902385] [odom_translator]: Odometry received at 0.994038
[INFO] [1653756355.469740054] [odom_translator]: Odometry received at 0.993799
[INFO] [1653756355.567035559] [odom_translator]: Odometry received at 0.993615
[INFO] [1653756355.675384059] [odom_translator]: Odometry received at 0.993646
[INFO] [1653756355.750679173] [odom_translator]: Odometry received at 0.993562
[INFO] [1653756355.839391400] [odom_translator]: Odometry received at 0.993552
[INFO] [1653756356.025724703] [odom_translator]: Odometry received at 0.995222
[INFO] [1653756356.099903070] [odom_translator]: Odometry received at 0.995121
[INFO] [1653756356.183979671] [odom_translator]: Odometry received at 0.995130
[INFO] [1653756356.260303626] [odom_translator]: Odometry received at 0.995128
[INFO] [1653756356.352681934] [odom_translator]: Odometry received at 0.995092
[INFO] [1653756356.446783618] [odom_translator]: Odometry received at 0.995084
[INFO] [1653756356.539840236] [odom_translator]: Odometry received at 0.995084
[INFO] [1653756356.648446083] [odom_translator]: Odometry received at 0.995056
[INFO] [1653756356.733900233] [odom_translator]: Odometry received at 0.994941
[INFO] [1653756356.807888263] [odom_translator]: Odometry received at 0.994930
[INFO] [1653756356.891955007] [odom_translator]: Odometry received at 0.994994
[INFO] [1653756356.987862660] [odom_translator]: Odometry received at 0.994887
[INFO] [1653756357.091181419] [odom_translator]: Odometry received at 0.994893
[INFO] [1653756357.173628789] [odom_translator]: Odometry received at 0.994828
[WARN] [1653756357.195829534] [odom_translator]: Data from the topic /rtabmap/odom has not been received for more than 5 seconds. Check that the input topic is being published correctly.
[INFO] [1653756357.260911307] [odom_translator]: Odometry received at 0.994611
[INFO] [1653756357.337540001] [odom_translator]: Odometry received at 0.994569
[INFO] [1653756357.433838825] [odom_translator]: Odometry received at 0.994614
[INFO] [1653756357.528185887] [odom_translator]: Odometry received at 0.994650
[INFO] [1653756357.630086553] [odom_translator]: Odometry received at 0.994714
[INFO] [1653756357.695524073] [odom_translator]: Odometry message added to the path and republished at 1653756357.695517, markers count: 7
[INFO] [1653756357.731947187] [odom_translator]: Odometry received at 0.994731
[INFO] [1653756357.825293472] [odom_translator]: Odometry received at 0.994777
[INFO] [1653756357.938090045] [odom_translator]: Odometry received at 0.994742
[INFO] [1653756358.124220914] [odom_translator]: Odometry received at 0.994610
[INFO] [1653756358.217859394] [odom_translator]: Odometry received at 0.994493
[INFO] [1653756358.321684366] [odom_translator]: Odometry received at 0.994381
[INFO] [1653756358.414518934] [odom_translator]: Odometry received at 0.994344
[INFO] [1653756358.506632824] [odom_translator]: Odometry received at 0.994131
[INFO] [1653756358.593191783] [odom_translator]: Odometry received at 0.994113
[INFO] [1653756358.682778770] [odom_translator]: Odometry received at 0.994177
[INFO] [1653756358.770821519] [odom_translator]: Odometry received at 0.994166
[INFO] [1653756358.855890482] [odom_translator]: Odometry received at 0.994222
[INFO] [1653756358.940602704] [odom_translator]: Odometry received at 0.994194
[INFO] [1653756359.014218923] [odom_translator]: Odometry received at 0.994192
[INFO] [1653756359.100032820] [odom_translator]: Odometry received at 0.994185
[INFO] [1653756359.182525662] [odom_translator]: Odometry received at 0.994206
[INFO] [1653756359.270489755] [odom_translator]: Odometry received at 0.994217
[INFO] [1653756359.357546255] [odom_translator]: Odometry received at 0.994238
[INFO] [1653756359.443473945] [odom_translator]: Odometry received at 0.994287
[INFO] [1653756359.536100223] [odom_translator]: Odometry received at 0.994228
[INFO] [1653756359.711588756] [odom_translator]: Odometry received at 0.994213
[INFO] [1653756359.797904161] [odom_translator]: Odometry received at 0.994261
[INFO] [1653756359.885040502] [odom_translator]: Odometry received at 0.994222
[INFO] [1653756359.981581312] [odom_translator]: Odometry received at 0.994189
[INFO] [1653756360.074285991] [odom_translator]: Odometry received at 0.994178
[INFO] [1653756360.156256141] [odom_translator]: Odometry received at 0.994213
[INFO] [1653756360.238917882] [odom_translator]: Odometry received at 0.994274
[INFO] [1653756360.326297521] [odom_translator]: Odometry received at 0.994233
[INFO] [1653756360.418842391] [odom_translator]: Odometry received at 0.994246
[INFO] [1653756360.500461114] [odom_translator]: Odometry received at 0.994230
[INFO] [1653756360.583733963] [odom_translator]: Odometry received at 0.994239
[INFO] [1653756360.660541699] [odom_translator]: Odometry received at 0.994270
[INFO] [1653756360.744683517] [odom_translator]: Odometry received at 0.994311
[INFO] [1653756360.836621405] [odom_translator]: Odometry received at 0.994250
[INFO] [1653756360.930620336] [odom_translator]: Odometry received at 0.994279
[INFO] [1653756361.029391534] [odom_translator]: Odometry received at 0.994283
[INFO] [1653756361.113541032] [odom_translator]: Odometry received at 0.994321
[INFO] [1653756361.189742714] [odom_translator]: Odometry received at 0.994380
[INFO] [1653756361.277681174] [odom_translator]: Odometry received at 0.994348
[INFO] [1653756361.364758922] [odom_translator]: Odometry received at 0.994358
[INFO] [1653756361.444610205] [odom_translator]: Odometry received at 0.994414
[INFO] [1653756361.536394588] [odom_translator]: Odometry received at 0.994344
[INFO] [1653756361.621574495] [odom_translator]: Odometry received at 0.994342
[INFO] [1653756361.695453532] [odom_translator]: Odometry received at 0.994324
[INFO] [1653756361.782348303] [odom_translator]: Odometry received at 0.994306
[INFO] [1653756361.872606016] [odom_translator]: Odometry received at 0.994243
[INFO] [1653756361.948972723] [odom_translator]: Odometry received at 0.994349
[INFO] [1653756362.030024273] [odom_translator]: Odometry received at 0.994237
[INFO] [1653756362.106897737] [odom_translator]: Odometry received at 0.994146
[WARN] [1653756362.194949286] [odom_translator]: Data from the topic /rtabmap/odom has not been received for more than 5 seconds. Check that the input topic is being published correctly.
[INFO] [1653756362.196867704] [odom_translator]: Odometry received at 0.994086
[INFO] [1653756362.281545014] [odom_translator]: Odometry received at 0.994062
[INFO] [1653756362.377706973] [odom_translator]: Odometry received at 0.994030
[INFO] [1653756362.477535013] [odom_translator]: Odometry received at 0.994051
[INFO] [1653756362.561610270] [odom_translator]: Odometry received at 0.994169
[INFO] [1653756362.656497113] [odom_translator]: Odometry received at 0.994063
[INFO] [1653756362.743398316] [odom_translator]: Odometry received at 0.994170
[INFO] [1653756362.902530317] [odom_translator]: Odometry received at 0.994142
[INFO] [1653756362.982720323] [odom_translator]: Odometry received at 0.994275
[INFO] [1653756363.063156955] [odom_translator]: Odometry received at 0.994319
[INFO] [1653756363.164528113] [odom_translator]: Odometry received at 0.994248
[INFO] [1653756363.257993183] [odom_translator]: Odometry received at 0.994290
[INFO] [1653756363.343947113] [odom_translator]: Odometry received at 0.994211
[INFO] [1653756363.434092345] [odom_translator]: Odometry received at 0.994256
[INFO] [1653756363.528116941] [odom_translator]: Odometry received at 0.994319
[INFO] [1653756363.628756988] [odom_translator]: Odometry received at 0.994318
[INFO] [1653756363.708020330] [odom_translator]: Odometry received at 0.994293
[INFO] [1653756363.802210270] [odom_translator]: Odometry received at 0.994303
[INFO] [1653756363.903739766] [odom_translator]: Odometry received at 0.994317
[INFO] [1653756363.993604259] [odom_translator]: Odometry received at 0.994273
[INFO] [1653756364.078673382] [odom_translator]: Odometry received at 0.994343
[INFO] [1653756364.186609687] [odom_translator]: Odometry received at 0.994335
[INFO] [1653756364.281780053] [odom_translator]: Odometry received at 0.994288
[INFO] [1653756364.360956385] [odom_translator]: Odometry received at 0.994331
[INFO] [1653756364.438763970] [odom_translator]: Odometry received at 0.994336
[INFO] [1653756364.521460847] [odom_translator]: Odometry received at 0.994291
[INFO] [1653756364.625787199] [odom_translator]: Odometry received at 0.994260
[INFO] [1653756364.728793284] [odom_translator]: Odometry received at 0.994213
[INFO] [1653756364.817053283] [odom_translator]: Odometry received at 0.994052
[INFO] [1653756364.902856396] [odom_translator]: Odometry received at 0.994122
[INFO] [1653756365.013477558] [odom_translator]: Odometry received at 0.993784
[INFO] [1653756365.104884273] [odom_translator]: Odometry received at 0.994029
[INFO] [1653756365.204853275] [odom_translator]: Odometry received at 0.994199
[INFO] [1653756365.292917240] [odom_translator]: Odometry received at 0.994180
[INFO] [1653756365.412078735] [odom_translator]: Odometry received at 0.994027
[INFO] [1653756365.489432075] [odom_translator]: Odometry received at 0.994200
[INFO] [1653756365.576490656] [odom_translator]: Odometry received at 0.994362
[INFO] [1653756365.665538790] [odom_translator]: Odometry received at 0.994404
[INFO] [1653756365.765826866] [odom_translator]: Odometry received at 0.994534
[INFO] [1653756365.858171702] [odom_translator]: Odometry received at 0.994528
[INFO] [1653756365.943466267] [odom_translator]: Odometry received at 0.994523
[INFO] [1653756366.033241383] [odom_translator]: Odometry received at 0.994548
[INFO] [1653756366.138403840] [odom_translator]: Odometry received at 0.994256
[INFO] [1653756366.220014083] [odom_translator]: Odometry received at 0.994236
[INFO] [1653756366.319106212] [odom_translator]: Odometry received at 0.994275
[INFO] [1653756366.416766008] [odom_translator]: Odometry received at 0.994419
[INFO] [1653756366.511374225] [odom_translator]: Odometry received at 0.994516
[INFO] [1653756366.599949075] [odom_translator]: Odometry received at 0.994474
[INFO] [1653756366.691623793] [odom_translator]: Odometry received at 0.994571
[INFO] [1653756366.791295672] [odom_translator]: Odometry received at 0.994437
[INFO] [1653756366.892484268] [odom_translator]: Odometry received at 0.994184
[INFO] [1653756366.982619164] [odom_translator]: Odometry received at 0.993933
[INFO] [1653756367.076635727] [odom_translator]: Odometry received at 0.994073
[WARN] [1653756367.195020095] [odom_translator]: Data from the topic /rtabmap/odom has not been received for more than 5 seconds. Check that the input topic is being published correctly.
[INFO] [1653756367.653713017] [rclcpp]: signal_handler(signal_value=2)
