[INFO] [1653753798.598664635] [odom_translator]: Input odometry topic: /rtabmap/odom
[INFO] [1653753798.599161888] [odom_translator]: Output odometry topic: /odom_path
[INFO] [1653753798.599275937] [odom_translator]: Base frame ID: camera_link
[INFO] [1653753798.599364002] [odom_translator]: Base frame ID: camera_link
[INFO] [1653753798.599446466] [odom_translator]: Rate of the publication in seconds: 0.500000
[INFO] [1653753798.599619972] [odom_translator]: Length of the arrow marker: 0.100000
[INFO] [1653753798.599770534] [odom_translator]: Minimal difference between odometry markers: 0.020000
[INFO] [1653753798.599874759] [odom_translator]: The lifetime of a marker in seconds: 5.000000
[INFO] [1653753798.601103251] [odom_translator]: Markers count: 10
[INFO] [1653753798.601265108] [odom_translator]: QoS settings profile: DEFAULT
[INFO] [1653753798.601427094] [odom_translator]: Debug mode: false
[WARN] [1653753803.612049569] [odom_translator]: There are no subscribers at /odom_path, thus the marker messages will not be published.
[INFO] [1653753805.617628901] [odom_translator]: Odometry received at 0.999968
[INFO] [1653753805.717782040] [odom_translator]: Odometry received at 0.999970
[INFO] [1653753805.804442022] [odom_translator]: Odometry received at 0.999964
[INFO] [1653753805.932159493] [odom_translator]: Odometry received at 0.999960
[INFO] [1653753806.112387686] [odom_translator]: Odometry message added to the path and republished at 1653753806.112304, markers count: 1
[INFO] [1653753806.207128803] [odom_translator]: Odometry received at 0.999957
[INFO] [1653753806.349784244] [odom_translator]: Odometry received at 0.999957
[INFO] [1653753806.442843265] [odom_translator]: Odometry received at 0.999960
[INFO] [1653753806.564562086] [odom_translator]: Odometry received at 0.999972
[INFO] [1653753806.694013206] [odom_translator]: Odometry received at 0.999974
[INFO] [1653753806.792949533] [odom_translator]: Odometry received at 0.999975
[INFO] [1653753807.037452049] [odom_translator]: Odometry received at 0.999977
[INFO] [1653753807.135401453] [odom_translator]: Odometry received at 0.999976
[INFO] [1653753807.233847919] [odom_translator]: Odometry received at 0.999979
[INFO] [1653753807.345078413] [odom_translator]: Odometry received at 0.999980
[INFO] [1653753807.447107154] [odom_translator]: Odometry received at 0.999978
[INFO] [1653753807.537696294] [odom_translator]: Odometry received at 0.999978
[INFO] [1653753807.644869949] [odom_translator]: Odometry received at 0.999980
[INFO] [1653753807.741616238] [odom_translator]: Odometry received at 0.999983
[INFO] [1653753807.850723224] [odom_translator]: Odometry received at 0.999981
[INFO] [1653753807.968678424] [odom_translator]: Odometry received at 0.999984
[INFO] [1653753808.081073153] [odom_translator]: Odometry received at 0.999980
[INFO] [1653753808.182397951] [odom_translator]: Odometry received at 0.999982
[INFO] [1653753808.307834408] [odom_translator]: Odometry received at 0.999979
[INFO] [1653753808.405776485] [odom_translator]: Odometry received at 0.999985
[INFO] [1653753808.510174400] [odom_translator]: Odometry received at 0.999984
[WARN] [1653753808.612318854] [odom_translator]: Data from the topic /rtabmap/odom has not been received for more than 5 seconds. Check that the input topic is being published correctly.
[INFO] [1653753808.616883891] [odom_translator]: Odometry received at 0.999991
[INFO] [1653753808.731912374] [odom_translator]: Odometry received at 0.999985
[INFO] [1653753808.858388649] [odom_translator]: Odometry received at 0.999985
[INFO] [1653753808.968690911] [odom_translator]: Odometry received at 0.999979
[INFO] [1653753809.083901316] [odom_translator]: Odometry received at 0.999980
[INFO] [1653753809.192816908] [odom_translator]: Odometry received at 0.999980
[INFO] [1653753809.290202499] [odom_translator]: Odometry received at 0.999981
[INFO] [1653753809.380211538] [odom_translator]: Odometry received at 0.999979
[INFO] [1653753809.482455864] [odom_translator]: Odometry received at 0.999978
[INFO] [1653753809.596190991] [odom_translator]: Odometry received at 0.999978
[INFO] [1653753809.689018042] [odom_translator]: Odometry received at 0.999978
[INFO] [1653753809.793715480] [odom_translator]: Odometry received at 0.999979
[INFO] [1653753809.890411241] [odom_translator]: Odometry received at 0.999980
[INFO] [1653753809.992177963] [odom_translator]: Odometry received at 0.999980
[INFO] [1653753810.093448040] [odom_translator]: Odometry received at 0.999982
[INFO] [1653753810.195019880] [odom_translator]: Odometry received at 0.999981
[INFO] [1653753810.308667006] [odom_translator]: Odometry received at 0.999983
[INFO] [1653753810.404870121] [odom_translator]: Odometry received at 0.999980
[INFO] [1653753810.507637461] [odom_translator]: Odometry received at 0.999982
[INFO] [1653753810.598295115] [odom_translator]: Odometry received at 0.999983
[INFO] [1653753810.703703920] [odom_translator]: Odometry received at 0.999984
[INFO] [1653753810.818976054] [odom_translator]: Odometry received at 0.999980
[INFO] [1653753810.927837821] [odom_translator]: Odometry received at 0.999979
[INFO] [1653753811.031646899] [odom_translator]: Odometry received at 0.999980
[INFO] [1653753811.121725059] [odom_translator]: Odometry received at 0.999984
[INFO] [1653753811.230912109] [odom_translator]: Odometry received at 0.999982
[INFO] [1653753811.336257458] [odom_translator]: Odometry received at 0.999984
[INFO] [1653753811.455385342] [odom_translator]: Odometry received at 0.999984
[INFO] [1653753811.582086451] [odom_translator]: Odometry received at 0.999981
[INFO] [1653753811.682599305] [odom_translator]: Odometry received at 0.999980
[INFO] [1653753811.785050545] [odom_translator]: Odometry received at 0.999980
[INFO] [1653753811.897463643] [odom_translator]: Odometry received at 0.999977
[INFO] [1653753811.997355339] [odom_translator]: Odometry received at 0.999975
[INFO] [1653753812.111795656] [odom_translator]: Odometry received at 0.999961
[INFO] [1653753812.216122275] [odom_translator]: Odometry received at 0.999955
[INFO] [1653753812.321747787] [odom_translator]: Odometry received at 0.999964
[INFO] [1653753812.418953472] [odom_translator]: Odometry received at 0.999958
[INFO] [1653753812.516820732] [odom_translator]: Odometry received at 0.999962
[INFO] [1653753812.632657992] [odom_translator]: Odometry received at 0.999974
[INFO] [1653753812.736729408] [odom_translator]: Odometry received at 0.999975
[INFO] [1653753812.836237836] [odom_translator]: Odometry received at 0.999955
[INFO] [1653753812.940452070] [odom_translator]: Odometry received at 0.999950
[INFO] [1653753813.035451845] [odom_translator]: Odometry received at 0.999943
[INFO] [1653753813.112486966] [odom_translator]: Odometry message added to the path and republished at 1653753813.112480, markers count: 2
[INFO] [1653753813.153018946] [odom_translator]: Odometry received at 0.999940
[INFO] [1653753813.255460010] [odom_translator]: Odometry received at 0.999920
[INFO] [1653753813.391534043] [odom_translator]: Odometry received at 0.999907
[INFO] [1653753813.487474212] [odom_translator]: Odometry received at 0.999906
[INFO] [1653753813.600375187] [odom_translator]: Odometry received at 0.999881
[INFO] [1653753813.612455177] [odom_translator]: Odometry message added to the path and republished at 1653753813.612448, markers count: 3
[WARN] [1653753813.613708661] [odom_translator]: Data from the topic /rtabmap/odom has not been received for more than 5 seconds. Check that the input topic is being published correctly.
[INFO] [1653753813.710406885] [odom_translator]: Odometry received at 0.999856
[INFO] [1653753813.821967879] [odom_translator]: Odometry received at 0.999845
[INFO] [1653753813.932044954] [odom_translator]: Odometry received at 0.999833
[INFO] [1653753814.032194252] [odom_translator]: Odometry received at 0.999829
[INFO] [1653753814.144239282] [odom_translator]: Odometry received at 0.999833
[INFO] [1653753814.246135798] [odom_translator]: Odometry received at 0.999840
[INFO] [1653753814.356146152] [odom_translator]: Odometry received at 0.999857
[INFO] [1653753814.466053497] [odom_translator]: Odometry received at 0.999803
[INFO] [1653753814.574718559] [odom_translator]: Odometry received at 0.999720
[INFO] [1653753814.686131071] [odom_translator]: Odometry received at 0.999500
[INFO] [1653753814.791675366] [odom_translator]: Odometry received at 0.999428
[INFO] [1653753814.896073921] [odom_translator]: Odometry received at 0.999102
[INFO] [1653753815.002266894] [odom_translator]: Odometry received at 0.998917
[INFO] [1653753815.112648484] [odom_translator]: Odometry received at 0.998481
[INFO] [1653753815.204122594] [odom_translator]: Odometry received at 0.998536
[INFO] [1653753815.304924826] [odom_translator]: Odometry received at 0.998508
[INFO] [1653753815.430756167] [odom_translator]: Odometry received at 0.998430
[INFO] [1653753815.575500461] [odom_translator]: Odometry received at 0.998348
[INFO] [1653753815.675207579] [odom_translator]: Odometry received at 0.998243
[INFO] [1653753815.795228559] [odom_translator]: Odometry received at 0.998250
[INFO] [1653753815.908741636] [odom_translator]: Odometry received at 0.998369
[INFO] [1653753816.015771097] [odom_translator]: Odometry received at 0.998408
[INFO] [1653753816.112523338] [odom_translator]: Odometry message added to the path and republished at 1653753816.112516, markers count: 4
[INFO] [1653753816.129723794] [odom_translator]: Odometry received at 0.998363
[INFO] [1653753816.242337726] [odom_translator]: Odometry received at 0.998526
[INFO] [1653753816.361969390] [odom_translator]: Odometry received at 0.998330
[INFO] [1653753816.472869929] [odom_translator]: Odometry received at 0.998279
[INFO] [1653753816.588286512] [odom_translator]: Odometry received at 0.998304
[INFO] [1653753816.612582334] [odom_translator]: Odometry message added to the path and republished at 1653753816.612576, markers count: 5
[INFO] [1653753816.725203657] [odom_translator]: Odometry received at 0.998231
[INFO] [1653753816.910525275] [odom_translator]: Odometry received at 0.996020
[INFO] [1653753817.014500563] [odom_translator]: Odometry received at 0.995359
[INFO] [1653753817.142996986] [odom_translator]: Odometry received at 0.993034
[INFO] [1653753817.243037387] [odom_translator]: Odometry received at 0.992874
[INFO] [1653753817.339839580] [odom_translator]: Odometry received at 0.992287
[INFO] [1653753817.449632813] [odom_translator]: Odometry received at 0.991670
[INFO] [1653753817.557753485] [odom_translator]: Odometry received at 0.992278
[INFO] [1653753817.612660805] [odom_translator]: Odometry message added to the path and republished at 1653753817.612654, markers count: 6
[INFO] [1653753817.655500935] [odom_translator]: Odometry received at 0.992489
[INFO] [1653753817.775876575] [odom_translator]: Odometry received at 0.992973
[INFO] [1653753817.864859844] [odom_translator]: Odometry received at 0.992809
[INFO] [1653753817.973755531] [odom_translator]: Odometry received at 0.993693
[INFO] [1653753818.081613225] [odom_translator]: Odometry received at 0.994674
[INFO] [1653753818.192582533] [odom_translator]: Odometry received at 0.994797
[INFO] [1653753818.293741408] [odom_translator]: Odometry received at 0.994896
[INFO] [1653753818.376038116] [odom_translator]: Odometry received at 0.994874
[INFO] [1653753818.482924888] [odom_translator]: Odometry received at 0.996300
[INFO] [1653753818.575277342] [odom_translator]: Odometry received at 0.996341
[INFO] [1653753818.612793516] [odom_translator]: Odometry message added to the path and republished at 1653753818.612787, markers count: 7
[WARN] [1653753818.613521140] [odom_translator]: Data from the topic /rtabmap/odom has not been received for more than 5 seconds. Check that the input topic is being published correctly.
[INFO] [1653753818.659059536] [odom_translator]: Odometry received at 0.996376
[INFO] [1653753818.737855954] [odom_translator]: Odometry received at 0.996447
[INFO] [1653753818.830778813] [odom_translator]: Odometry received at 0.996137
[INFO] [1653753818.914622288] [odom_translator]: Odometry received at 0.996233
[INFO] [1653753819.017794240] [odom_translator]: Odometry received at 0.995736
[INFO] [1653753819.109324574] [odom_translator]: Odometry received at 0.995563
[INFO] [1653753819.201371809] [odom_translator]: Odometry received at 0.995381
[INFO] [1653753819.307136266] [odom_translator]: Odometry received at 0.995011
[INFO] [1653753819.408942412] [odom_translator]: Odometry received at 0.994929
[INFO] [1653753819.503031779] [odom_translator]: Odometry received at 0.995144
[INFO] [1653753819.595112870] [odom_translator]: Odometry received at 0.995300
[INFO] [1653753819.613113814] [odom_translator]: Odometry message added to the path and republished at 1653753819.613108, markers count: 8
[INFO] [1653753819.692915137] [odom_translator]: Odometry received at 0.995471
[INFO] [1653753819.895504540] [odom_translator]: Odometry received at 0.995148
[INFO] [1653753819.901190355] [odom_translator]: Odometry received at 0.994375
[INFO] [1653753819.990600381] [odom_translator]: Odometry received at 0.993920
[INFO] [1653753820.078250389] [odom_translator]: Odometry received at 0.993516
[INFO] [1653753820.161757156] [odom_translator]: Odometry received at 0.993792
[INFO] [1653753820.243392097] [odom_translator]: Odometry received at 0.994188
[INFO] [1653753820.336072331] [odom_translator]: Odometry received at 0.993350
[INFO] [1653753820.433309376] [odom_translator]: Odometry received at 0.992510
[INFO] [1653753820.525901736] [odom_translator]: Odometry received at 0.992143
[INFO] [1653753820.612923386] [odom_translator]: Odometry message added to the path and republished at 1653753820.612917, markers count: 9
[INFO] [1653753820.620370371] [odom_translator]: Odometry received at 0.992164
[INFO] [1653753820.713272846] [odom_translator]: Odometry received at 0.992820
[INFO] [1653753820.809663708] [odom_translator]: Odometry received at 0.992752
[INFO] [1653753820.905320514] [odom_translator]: Odometry received at 0.992565
[INFO] [1653753821.011036874] [odom_translator]: Odometry received at 0.993210
[INFO] [1653753821.116319631] [odom_translator]: Odometry received at 0.994510
[INFO] [1653753821.214924658] [odom_translator]: Odometry received at 0.994953
[INFO] [1653753821.296037866] [odom_translator]: Odometry received at 0.995617
[INFO] [1653753821.393813413] [odom_translator]: Odometry received at 0.997592
[INFO] [1653753821.479511754] [odom_translator]: Odometry received at 0.998364
[INFO] [1653753821.570820869] [odom_translator]: Odometry received at 0.999089
[INFO] [1653753821.612768287] [odom_translator]: Odometry message added to the path and republished at 1653753821.612759, markers count: 10
[INFO] [1653753821.673277294] [odom_translator]: Odometry received at 0.999440
[INFO] [1653753821.834081873] [odom_translator]: Odometry received at 0.999872
[INFO] [1653753821.931222437] [odom_translator]: Odometry received at 0.999932
[INFO] [1653753822.031381335] [odom_translator]: Odometry received at 0.999953
[INFO] [1653753822.112885651] [odom_translator]: Odometry message added to the path and republished at 1653753822.112878, markers count: 10
[INFO] [1653753822.126307446] [odom_translator]: Odometry received at 0.999865
[INFO] [1653753822.228434460] [odom_translator]: Odometry received at 0.999656
[INFO] [1653753822.310895137] [odom_translator]: Odometry received at 0.999688
[INFO] [1653753822.424025618] [odom_translator]: Odometry received at 0.999822
[INFO] [1653753822.509180306] [odom_translator]: Odometry received at 0.999729
[INFO] [1653753822.586079873] [odom_translator]: Odometry received at 0.999722
[INFO] [1653753822.666335216] [odom_translator]: Odometry received at 0.999708
[INFO] [1653753822.753577349] [odom_translator]: Odometry received at 0.999656
[INFO] [1653753822.858238115] [odom_translator]: Odometry received at 0.999633
[INFO] [1653753822.955955581] [odom_translator]: Odometry received at 0.999631
[INFO] [1653753823.058874122] [odom_translator]: Odometry received at 0.999680
[INFO] [1653753823.160494347] [odom_translator]: Odometry received at 0.999707
[INFO] [1653753823.259953750] [odom_translator]: Odometry received at 0.999729
[INFO] [1653753823.359603907] [odom_translator]: Odometry received at 0.999685
[INFO] [1653753823.466320821] [odom_translator]: Odometry received at 0.999682
[INFO] [1653753823.555052888] [odom_translator]: Odometry received at 0.999699
[WARN] [1653753823.612454056] [odom_translator]: Data from the topic /rtabmap/odom has not been received for more than 5 seconds. Check that the input topic is being published correctly.
[INFO] [1653753823.652128716] [odom_translator]: Odometry received at 0.999711
[INFO] [1653753823.847578401] [odom_translator]: Odometry received at 0.999682
[INFO] [1653753823.930276904] [odom_translator]: Odometry received at 0.999681
[INFO] [1653753824.006027212] [odom_translator]: Odometry received at 0.999681
[INFO] [1653753824.093057726] [odom_translator]: Odometry received at 0.999686
[INFO] [1653753824.186655408] [odom_translator]: Odometry received at 0.999682
[INFO] [1653753824.272627960] [odom_translator]: Odometry received at 0.999684
[INFO] [1653753824.365316321] [odom_translator]: Odometry received at 0.999685
[INFO] [1653753824.458816306] [odom_translator]: Odometry received at 0.999685
[INFO] [1653753824.554944701] [odom_translator]: Odometry received at 0.999682
[INFO] [1653753824.665567573] [odom_translator]: Odometry received at 0.999684
[INFO] [1653753824.771222621] [odom_translator]: Odometry received at 0.999680
[INFO] [1653753824.858800404] [odom_translator]: Odometry received at 0.999682
[INFO] [1653753824.955749767] [odom_translator]: Odometry received at 0.999690
[INFO] [1653753825.043180765] [odom_translator]: Odometry received at 0.999683
[INFO] [1653753825.138772899] [odom_translator]: Odometry received at 0.999681
[INFO] [1653753825.229709947] [odom_translator]: Odometry received at 0.999685
[INFO] [1653753825.316207432] [odom_translator]: Odometry received at 0.999691
[INFO] [1653753825.401879212] [odom_translator]: Odometry received at 0.999688
[INFO] [1653753825.496400967] [odom_translator]: Odometry received at 0.999683
[INFO] [1653753825.612084337] [odom_translator]: Odometry received at 0.999686
[INFO] [1653753825.701885406] [odom_translator]: Odometry received at 0.999687
[INFO] [1653753825.787366849] [odom_translator]: Odometry received at 0.999690
[INFO] [1653753825.898380413] [odom_translator]: Odometry received at 0.999680
[INFO] [1653753826.009017686] [odom_translator]: Odometry received at 0.999691
[INFO] [1653753826.099869357] [odom_translator]: Odometry received at 0.999693
[INFO] [1653753826.190236159] [odom_translator]: Odometry received at 0.999682
[INFO] [1653753826.304730142] [odom_translator]: Odometry received at 0.999680
[INFO] [1653753826.398666931] [odom_translator]: Odometry received at 0.999686
[INFO] [1653753826.498318432] [odom_translator]: Odometry received at 0.999684
[INFO] [1653753826.603705797] [odom_translator]: Odometry received at 0.999682
[INFO] [1653753826.700930587] [odom_translator]: Odometry received at 0.999690
[INFO] [1653753826.807958960] [odom_translator]: Odometry received at 0.999683
[INFO] [1653753826.907963521] [odom_translator]: Odometry received at 0.999688
[INFO] [1653753827.004202029] [odom_translator]: Odometry received at 0.999691
[INFO] [1653753827.182506522] [odom_translator]: Odometry received at 0.999680
[INFO] [1653753827.268793861] [odom_translator]: Odometry received at 0.999690
[INFO] [1653753827.366876578] [odom_translator]: Odometry received at 0.999687
[INFO] [1653753827.464830687] [odom_translator]: Odometry received at 0.999689
[INFO] [1653753827.564983921] [odom_translator]: Odometry received at 0.999687
[INFO] [1653753827.663902103] [odom_translator]: Odometry received at 0.999694
[INFO] [1653753827.751659088] [odom_translator]: Odometry received at 0.999696
[INFO] [1653753827.835890183] [odom_translator]: Odometry received at 0.999689
[INFO] [1653753827.932949499] [odom_translator]: Odometry received at 0.999695
[INFO] [1653753828.031789440] [odom_translator]: Odometry received at 0.999680
[INFO] [1653753828.131970034] [odom_translator]: Odometry received at 0.999687
[INFO] [1653753828.237841660] [odom_translator]: Odometry received at 0.999686
[INFO] [1653753828.324639212] [odom_translator]: Odometry received at 0.999684
[INFO] [1653753828.422071588] [odom_translator]: Odometry received at 0.999687
[INFO] [1653753828.521279788] [odom_translator]: Odometry received at 0.999684
[WARN] [1653753828.612537448] [odom_translator]: Data from the topic /rtabmap/odom has not been received for more than 5 seconds. Check that the input topic is being published correctly.
[INFO] [1653753828.624700318] [odom_translator]: Odometry received at 0.999681
[INFO] [1653753828.726544737] [odom_translator]: Odometry received at 0.999685
[INFO] [1653753828.829326221] [odom_translator]: Odometry received at 0.999682
[INFO] [1653753828.932491004] [odom_translator]: Odometry received at 0.999690
[INFO] [1653753829.029485936] [odom_translator]: Odometry received at 0.999680
[INFO] [1653753829.134078317] [odom_translator]: Odometry received at 0.999685
[INFO] [1653753829.231632998] [odom_translator]: Odometry received at 0.999682
[INFO] [1653753829.314113259] [odom_translator]: Odometry received at 0.999688
[INFO] [1653753829.422586831] [odom_translator]: Odometry received at 0.999686
[INFO] [1653753829.527477391] [odom_translator]: Odometry received at 0.999687
[INFO] [1653753829.620876191] [odom_translator]: Odometry received at 0.999681
[INFO] [1653753829.729505604] [odom_translator]: Odometry received at 0.999682
[INFO] [1653753829.832304688] [odom_translator]: Odometry received at 0.999678
[INFO] [1653753829.941579867] [odom_translator]: Odometry received at 0.999692
[INFO] [1653753830.053398015] [odom_translator]: Odometry received at 0.999682
[INFO] [1653753830.164646013] [odom_translator]: Odometry received at 0.999681
[INFO] [1653753830.263082175] [odom_translator]: Odometry received at 0.999687
[INFO] [1653753830.362857581] [odom_translator]: Odometry received at 0.999690
[INFO] [1653753830.453538179] [odom_translator]: Odometry received at 0.999689
[INFO] [1653753830.550189171] [odom_translator]: Odometry received at 0.999682
[INFO] [1653753830.632630936] [odom_translator]: Odometry received at 0.999689
[INFO] [1653753830.739854703] [odom_translator]: Odometry received at 0.999684
[INFO] [1653753830.843741797] [odom_translator]: Odometry received at 0.999682
[INFO] [1653753830.949068266] [odom_translator]: Odometry received at 0.999687
[INFO] [1653753831.058126707] [odom_translator]: Odometry received at 0.999687
[INFO] [1653753831.157526686] [odom_translator]: Odometry received at 0.999682
[INFO] [1653753831.254957301] [odom_translator]: Odometry received at 0.999687
[INFO] [1653753831.347052409] [odom_translator]: Odometry received at 0.999683
[INFO] [1653753831.443021538] [odom_translator]: Odometry received at 0.999685
[INFO] [1653753831.541394531] [odom_translator]: Odometry received at 0.999691
[INFO] [1653753831.632898752] [odom_translator]: Odometry received at 0.999682
[INFO] [1653753831.739318991] [odom_translator]: Odometry received at 0.999682
[INFO] [1653753831.835884094] [odom_translator]: Odometry received at 0.999681
[INFO] [1653753831.919709521] [odom_translator]: Odometry received at 0.999682
[INFO] [1653753832.004812336] [odom_translator]: Odometry received at 0.999694
[INFO] [1653753832.098871207] [odom_translator]: Odometry received at 0.999682
[INFO] [1653753832.207274921] [odom_translator]: Odometry received at 0.999688
[INFO] [1653753832.322648464] [odom_translator]: Odometry received at 0.999685
[INFO] [1653753832.428211831] [odom_translator]: Odometry received at 0.999686
[INFO] [1653753832.524362210] [odom_translator]: Odometry received at 0.999682
[INFO] [1653753832.627155918] [odom_translator]: Odometry received at 0.999687
[INFO] [1653753832.725466990] [odom_translator]: Odometry received at 0.999686
[INFO] [1653753832.831778876] [odom_translator]: Odometry received at 0.999679
[INFO] [1653753832.933569118] [odom_translator]: Odometry received at 0.999687
[INFO] [1653753833.038727073] [odom_translator]: Odometry received at 0.999695
[INFO] [1653753833.129406967] [odom_translator]: Odometry received at 0.999687
[INFO] [1653753833.217306897] [odom_translator]: Odometry received at 0.999690
[INFO] [1653753833.328148876] [odom_translator]: Odometry received at 0.999692
[INFO] [1653753833.416622188] [odom_translator]: Odometry received at 0.999688
[INFO] [1653753833.524725259] [odom_translator]: Odometry received at 0.999687
[WARN] [1653753833.612418916] [odom_translator]: Data from the topic /rtabmap/odom has not been received for more than 5 seconds. Check that the input topic is being published correctly.
[INFO] [1653753833.612824904] [odom_translator]: Odometry received at 0.999686
[INFO] [1653753833.702786550] [odom_translator]: Odometry received at 0.999691
[INFO] [1653753833.802360067] [odom_translator]: Odometry received at 0.999682
[INFO] [1653753833.899836891] [odom_translator]: Odometry received at 0.999687
[INFO] [1653753834.005023774] [odom_translator]: Odometry received at 0.999691
[INFO] [1653753834.115675926] [odom_translator]: Odometry received at 0.999687
[INFO] [1653753834.214777822] [odom_translator]: Odometry received at 0.999684
[INFO] [1653753834.307734410] [odom_translator]: Odometry received at 0.999682
[INFO] [1653753834.426828981] [odom_translator]: Odometry received at 0.999680
[INFO] [1653753834.521864117] [odom_translator]: Odometry received at 0.999683
[INFO] [1653753834.626122095] [odom_translator]: Odometry received at 0.999688
[INFO] [1653753834.720639242] [odom_translator]: Odometry received at 0.999689
[INFO] [1653753834.817217434] [odom_translator]: Odometry received at 0.999683
[INFO] [1653753834.920873902] [odom_translator]: Odometry received at 0.999692
[INFO] [1653753835.015405769] [odom_translator]: Odometry received at 0.999683
[INFO] [1653753835.100618505] [odom_translator]: Odometry received at 0.999684
[INFO] [1653753835.194985155] [odom_translator]: Odometry received at 0.999686
[INFO] [1653753835.296256448] [odom_translator]: Odometry received at 0.999686
[INFO] [1653753835.402889873] [odom_translator]: Odometry received at 0.999683
[INFO] [1653753835.509334049] [odom_translator]: Odometry received at 0.999674
[INFO] [1653753835.627435458] [odom_translator]: Odometry received at 0.999690
[INFO] [1653753835.724092850] [odom_translator]: Odometry received at 0.999692
[INFO] [1653753835.818214057] [odom_translator]: Odometry received at 0.999689
[INFO] [1653753835.936033928] [odom_translator]: Odometry received at 0.999681
[INFO] [1653753836.049796959] [odom_translator]: Odometry received at 0.999690
[INFO] [1653753836.163227026] [odom_translator]: Odometry received at 0.999684
[INFO] [1653753836.265495001] [odom_translator]: Odometry received at 0.999687
[INFO] [1653753836.353981465] [odom_translator]: Odometry received at 0.999682
[INFO] [1653753836.448045392] [odom_translator]: Odometry received at 0.999680
[INFO] [1653753836.543267698] [odom_translator]: Odometry received at 0.999682
[INFO] [1653753836.636347807] [odom_translator]: Odometry received at 0.999688
[INFO] [1653753836.732679243] [odom_translator]: Odometry received at 0.999688
[INFO] [1653753836.819735645] [odom_translator]: Odometry received at 0.999685
[INFO] [1653753836.909605515] [odom_translator]: Odometry received at 0.999689
[INFO] [1653753837.004676812] [odom_translator]: Odometry received at 0.999679
[INFO] [1653753837.115069378] [odom_translator]: Odometry received at 0.999680
[INFO] [1653753837.199742652] [odom_translator]: Odometry received at 0.999688
[INFO] [1653753837.293765043] [odom_translator]: Odometry received at 0.999685
[INFO] [1653753837.385102383] [odom_translator]: Odometry received at 0.999684
[INFO] [1653753837.482414181] [odom_translator]: Odometry received at 0.999686
[INFO] [1653753837.574090628] [odom_translator]: Odometry received at 0.999682
[INFO] [1653753837.655195164] [odom_translator]: Odometry received at 0.999685
[INFO] [1653753837.748498507] [odom_translator]: Odometry received at 0.999686
[INFO] [1653753837.851748444] [odom_translator]: Odometry received at 0.999681
[INFO] [1653753837.945472687] [odom_translator]: Odometry received at 0.999686
[INFO] [1653753838.029713958] [odom_translator]: Odometry received at 0.999684
[INFO] [1653753838.118414440] [odom_translator]: Odometry received at 0.999678
[INFO] [1653753838.213594793] [odom_translator]: Odometry received at 0.999684
[INFO] [1653753838.315786959] [odom_translator]: Odometry received at 0.999688
[INFO] [1653753838.406822440] [odom_translator]: Odometry received at 0.999682
[INFO] [1653753838.494135101] [odom_translator]: Odometry received at 0.999688
[INFO] [1653753838.570752265] [odom_translator]: Odometry received at 0.999684
[WARN] [1653753838.612456640] [odom_translator]: Data from the topic /rtabmap/odom has not been received for more than 5 seconds. Check that the input topic is being published correctly.
[INFO] [1653753838.657556121] [odom_translator]: Odometry received at 0.999681
[INFO] [1653753838.736902400] [odom_translator]: Odometry received at 0.999690
[INFO] [1653753838.811874812] [odom_translator]: Odometry received at 0.999684
[INFO] [1653753838.890725790] [odom_translator]: Odometry received at 0.999689
[INFO] [1653753839.074574337] [odom_translator]: Odometry received at 0.999688
[INFO] [1653753839.164688337] [odom_translator]: Odometry received at 0.999688
[INFO] [1653753839.258105826] [odom_translator]: Odometry received at 0.999684
[INFO] [1653753839.346137341] [odom_translator]: Odometry received at 0.999692
[INFO] [1653753839.446858389] [odom_translator]: Odometry received at 0.999682
[INFO] [1653753839.534403212] [odom_translator]: Odometry received at 0.999682
[INFO] [1653753839.624293178] [odom_translator]: Odometry received at 0.999682
[INFO] [1653753839.720784520] [odom_translator]: Odometry received at 0.999682
[INFO] [1653753839.820550198] [odom_translator]: Odometry received at 0.999691
[INFO] [1653753839.894912908] [odom_translator]: Odometry received at 0.999685
[INFO] [1653753839.978500253] [odom_translator]: Odometry received at 0.999686
[INFO] [1653753840.067997159] [odom_translator]: Odometry received at 0.999688
[INFO] [1653753840.160256556] [odom_translator]: Odometry received at 0.999689
[INFO] [1653753840.259038544] [odom_translator]: Odometry received at 0.999687
[INFO] [1653753840.362044286] [odom_translator]: Odometry received at 0.999691
[INFO] [1653753840.464367781] [odom_translator]: Odometry received at 0.999682
[INFO] [1653753840.572665479] [odom_translator]: Odometry received at 0.999684
[INFO] [1653753840.658257803] [odom_translator]: Odometry received at 0.999681
[INFO] [1653753840.741277590] [odom_translator]: Odometry received at 0.999686
[INFO] [1653753840.839452436] [odom_translator]: Odometry received at 0.999685
[INFO] [1653753840.924221328] [odom_translator]: Odometry received at 0.999682
[INFO] [1653753841.007493693] [odom_translator]: Odometry received at 0.999684
[INFO] [1653753841.102811168] [odom_translator]: Odometry received at 0.999685
[INFO] [1653753841.198177539] [odom_translator]: Odometry received at 0.999687
[INFO] [1653753841.283778887] [odom_translator]: Odometry received at 0.999694
[INFO] [1653753841.374269307] [odom_translator]: Odometry received at 0.999684
[INFO] [1653753841.455553301] [odom_translator]: Odometry received at 0.999688
[INFO] [1653753841.551218747] [odom_translator]: Odometry received at 0.999680
[INFO] [1653753841.654234825] [odom_translator]: Odometry received at 0.999680
[INFO] [1653753841.756169132] [odom_translator]: Odometry received at 0.999685
[INFO] [1653753841.860128292] [odom_translator]: Odometry received at 0.999692
[INFO] [1653753841.956300687] [odom_translator]: Odometry received at 0.999678
[INFO] [1653753842.055593080] [odom_translator]: Odometry received at 0.999687
[INFO] [1653753842.256974919] [odom_translator]: Odometry received at 0.999680
[INFO] [1653753842.260265959] [odom_translator]: Odometry received at 0.999682
[INFO] [1653753842.357671102] [odom_translator]: Odometry received at 0.999692
[INFO] [1653753842.460046822] [odom_translator]: Odometry received at 0.999687
[INFO] [1653753842.551392002] [odom_translator]: Odometry received at 0.999693
[INFO] [1653753842.640397927] [odom_translator]: Odometry received at 0.999686
[INFO] [1653753842.740151573] [odom_translator]: Odometry received at 0.999689
[INFO] [1653753842.852875266] [odom_translator]: Odometry received at 0.999691
[INFO] [1653753842.948929676] [odom_translator]: Odometry received at 0.999679
[INFO] [1653753843.043943180] [odom_translator]: Odometry received at 0.999685
[INFO] [1653753843.150310971] [odom_translator]: Odometry received at 0.999688
[INFO] [1653753843.261669818] [odom_translator]: Odometry received at 0.999762
[INFO] [1653753843.363374299] [odom_translator]: Odometry received at 0.999490
[INFO] [1653753843.529595091] [odom_translator]: Odometry received at 0.998348
[INFO] [1653753843.613036226] [odom_translator]: Odometry message added to the path and republished at 1653753843.613029, markers count: 10
[WARN] [1653753843.614979700] [odom_translator]: Data from the topic /rtabmap/odom has not been received for more than 5 seconds. Check that the input topic is being published correctly.
[INFO] [1653753843.625593148] [odom_translator]: Odometry received at 0.998227
[INFO] [1653753843.725678958] [odom_translator]: Odometry received at 0.997032
[INFO] [1653753843.897603708] [odom_translator]: Odometry received at 0.997633
[INFO] [1653753844.003702089] [odom_translator]: Odometry received at 0.998170
[INFO] [1653753844.095509673] [odom_translator]: Odometry received at 0.998547
[INFO] [1653753844.201503316] [odom_translator]: Odometry received at 0.999778
[INFO] [1653753844.291090911] [odom_translator]: Odometry received at 0.999857
[INFO] [1653753844.370714185] [odom_translator]: Odometry received at 0.999607
[INFO] [1653753844.466601521] [odom_translator]: Odometry received at 0.999598
[INFO] [1653753844.562138934] [odom_translator]: Odometry received at 0.999816
[INFO] [1653753844.613240201] [odom_translator]: Odometry message added to the path and republished at 1653753844.613225, markers count: 10
[INFO] [1653753844.655991178] [odom_translator]: Odometry received at 0.999684
[INFO] [1653753844.759627550] [odom_translator]: Odometry received at 0.999855
[INFO] [1653753844.859644783] [odom_translator]: Odometry received at 0.999975
[INFO] [1653753844.965232310] [odom_translator]: Odometry received at 0.999990
[INFO] [1653753845.080638621] [odom_translator]: Odometry received at 0.999836
[INFO] [1653753845.167695855] [odom_translator]: Odometry received at 0.999627
[INFO] [1653753845.262432364] [odom_translator]: Odometry received at 0.999294
[INFO] [1653753845.344573839] [odom_translator]: Odometry received at 0.998751
[INFO] [1653753845.442483531] [odom_translator]: Odometry received at 0.997477
[INFO] [1653753845.535452663] [odom_translator]: Odometry received at 0.997290
[INFO] [1653753845.616034857] [odom_translator]: Odometry message added to the path and republished at 1653753845.616027, markers count: 10
[INFO] [1653753845.617503768] [odom_translator]: Odometry received at 0.997198
[INFO] [1653753845.705529523] [odom_translator]: Odometry received at 0.997241
[INFO] [1653753845.799694859] [odom_translator]: Odometry received at 0.997142
[INFO] [1653753845.902592888] [odom_translator]: Odometry received at 0.997232
[INFO] [1653753846.001183579] [odom_translator]: Odometry received at 0.996849
[INFO] [1653753846.107420008] [odom_translator]: Odometry received at 0.997602
[INFO] [1653753846.199627564] [odom_translator]: Odometry received at 0.997699
[INFO] [1653753846.294133511] [odom_translator]: Odometry received at 0.997755
[INFO] [1653753846.382533703] [odom_translator]: Odometry received at 0.997721
[INFO] [1653753846.475641748] [odom_translator]: Odometry received at 0.997885
[INFO] [1653753846.568976771] [odom_translator]: Odometry received at 0.997830
[INFO] [1653753846.660633986] [odom_translator]: Odometry received at 0.997004
[INFO] [1653753846.751185847] [odom_translator]: Odometry received at 0.996502
[INFO] [1653753846.838864879] [odom_translator]: Odometry received at 0.995610
[INFO] [1653753846.936586825] [odom_translator]: Odometry received at 0.995158
[INFO] [1653753847.019002350] [odom_translator]: Odometry received at 0.995153
[INFO] [1653753847.099738114] [odom_translator]: Odometry received at 0.994732
[INFO] [1653753847.118137238] [odom_translator]: Odometry message added to the path and republished at 1653753847.118130, markers count: 10
[INFO] [1653753847.177983454] [odom_translator]: Odometry received at 0.994789
[INFO] [1653753847.269755326] [odom_translator]: Odometry received at 0.993456
[INFO] [1653753847.368631524] [odom_translator]: Odometry received at 0.992856
[INFO] [1653753847.475468151] [odom_translator]: Odometry received at 0.992336
[INFO] [1653753847.579597840] [odom_translator]: Odometry received at 0.991412
[INFO] [1653753847.661791411] [odom_translator]: Odometry received at 0.990965
[INFO] [1653753847.767526299] [odom_translator]: Odometry received at 0.991829
[INFO] [1653753847.870147557] [odom_translator]: Odometry received at 0.993280
[INFO] [1653753847.982970419] [odom_translator]: Odometry received at 0.994256
[INFO] [1653753848.156723764] [odom_translator]: Odometry received at 0.996157
[INFO] [1653753848.236742721] [odom_translator]: Odometry received at 0.996440
[INFO] [1653753848.347147991] [odom_translator]: Odometry received at 0.997104
[INFO] [1653753848.443643462] [odom_translator]: Odometry received at 0.998216
[INFO] [1653753848.536983733] [odom_translator]: Odometry received at 0.998694
[INFO] [1653753848.613018524] [odom_translator]: Odometry message added to the path and republished at 1653753848.613011, markers count: 10
[WARN] [1653753848.615484372] [odom_translator]: Data from the topic /rtabmap/odom has not been received for more than 5 seconds. Check that the input topic is being published correctly.
[INFO] [1653753848.618397168] [odom_translator]: Odometry received at 0.999251
[INFO] [1653753848.696969328] [odom_translator]: Odometry received at 0.999234
[INFO] [1653753848.802857914] [odom_translator]: Odometry received at 0.999345
[INFO] [1653753848.894552473] [odom_translator]: Odometry received at 0.999729
[INFO] [1653753848.984273765] [odom_translator]: Odometry received at 0.999740
[INFO] [1653753849.074027250] [odom_translator]: Odometry received at 0.999708
[INFO] [1653753849.157391552] [odom_translator]: Odometry received at 0.999746
[INFO] [1653753849.236734822] [odom_translator]: Odometry received at 0.999782
[INFO] [1653753849.319997812] [odom_translator]: Odometry received at 0.999760
[INFO] [1653753849.403894535] [odom_translator]: Odometry received at 0.999747
[INFO] [1653753849.480765173] [odom_translator]: Odometry received at 0.999755
[INFO] [1653753849.572712631] [odom_translator]: Odometry received at 0.999745
[INFO] [1653753849.654683032] [odom_translator]: Odometry received at 0.999758
[INFO] [1653753849.738888654] [odom_translator]: Odometry received at 0.999756
[INFO] [1653753849.822030746] [odom_translator]: Odometry received at 0.999747
[INFO] [1653753849.908886218] [odom_translator]: Odometry received at 0.999770
[INFO] [1653753850.011154993] [odom_translator]: Odometry received at 0.999753
[INFO] [1653753850.102045608] [odom_translator]: Odometry received at 0.999764
[INFO] [1653753850.185201428] [odom_translator]: Odometry received at 0.999777
[INFO] [1653753850.285927628] [odom_translator]: Odometry received at 0.999774
[INFO] [1653753850.378474260] [odom_translator]: Odometry received at 0.999770
[INFO] [1653753850.463605907] [odom_translator]: Odometry received at 0.999759
[INFO] [1653753850.561036362] [odom_translator]: Odometry received at 0.999764
[INFO] [1653753850.656770097] [odom_translator]: Odometry received at 0.999771
[INFO] [1653753850.757638250] [odom_translator]: Odometry received at 0.999768
[INFO] [1653753850.850295507] [odom_translator]: Odometry received at 0.999769
[INFO] [1653753850.938980597] [odom_translator]: Odometry received at 0.999764
[INFO] [1653753851.028647137] [odom_translator]: Odometry received at 0.999769
[INFO] [1653753851.121190600] [odom_translator]: Odometry received at 0.999770
[INFO] [1653753851.209780553] [odom_translator]: Odometry received at 0.999764
[INFO] [1653753851.396677515] [odom_translator]: Odometry received at 0.999776
[INFO] [1653753851.402251553] [odom_translator]: Odometry received at 0.999773
[INFO] [1653753851.492552275] [odom_translator]: Odometry received at 0.999767
[INFO] [1653753851.577764723] [odom_translator]: Odometry received at 0.999759
[INFO] [1653753851.670836352] [odom_translator]: Odometry received at 0.999769
[INFO] [1653753851.765579261] [odom_translator]: Odometry received at 0.999762
[INFO] [1653753851.860835711] [odom_translator]: Odometry received at 0.999775
[INFO] [1653753851.961561623] [odom_translator]: Odometry received at 0.999766
[INFO] [1653753852.056367476] [odom_translator]: Odometry received at 0.999775
[INFO] [1653753852.149224223] [odom_translator]: Odometry received at 0.999766
[INFO] [1653753852.236808022] [odom_translator]: Odometry received at 0.999764
[INFO] [1653753852.326964231] [odom_translator]: Odometry received at 0.999772
[INFO] [1653753852.521430450] [odom_translator]: Odometry received at 0.999768
[INFO] [1653753852.603160688] [odom_translator]: Odometry received at 0.999771
[INFO] [1653753852.684642092] [odom_translator]: Odometry received at 0.999770
[INFO] [1653753852.769837611] [odom_translator]: Odometry received at 0.999764
[INFO] [1653753852.861926383] [odom_translator]: Odometry received at 0.999765
[INFO] [1653753852.950985012] [odom_translator]: Odometry received at 0.999775
[INFO] [1653753853.037778308] [odom_translator]: Odometry received at 0.999764
[INFO] [1653753853.133199112] [odom_translator]: Odometry received at 0.999767
[INFO] [1653753853.221344100] [odom_translator]: Odometry received at 0.999764
[INFO] [1653753853.316148642] [odom_translator]: Odometry received at 0.999767
[INFO] [1653753853.407056858] [odom_translator]: Odometry received at 0.999766
[INFO] [1653753853.502541566] [odom_translator]: Odometry received at 0.999764
[INFO] [1653753853.606625719] [odom_translator]: Odometry received at 0.999764
[WARN] [1653753853.612698194] [odom_translator]: Data from the topic /rtabmap/odom has not been received for more than 5 seconds. Check that the input topic is being published correctly.
[INFO] [1653753853.699247679] [odom_translator]: Odometry received at 0.999765
[INFO] [1653753853.790615227] [odom_translator]: Odometry received at 0.999765
[INFO] [1653753853.988791339] [odom_translator]: Odometry received at 0.999764
[INFO] [1653753854.101611224] [odom_translator]: Odometry received at 0.999764
[INFO] [1653753854.196265749] [odom_translator]: Odometry received at 0.999765
[INFO] [1653753854.287238509] [odom_translator]: Odometry received at 0.999764
[INFO] [1653753854.378823659] [odom_translator]: Odometry received at 0.999771
[INFO] [1653753854.467810128] [odom_translator]: Odometry received at 0.999766
[INFO] [1653753854.563513175] [odom_translator]: Odometry received at 0.999770
[INFO] [1653753854.645889659] [odom_translator]: Odometry received at 0.999765
[INFO] [1653753854.735182499] [odom_translator]: Odometry received at 0.999764
[INFO] [1653753854.837644140] [odom_translator]: Odometry received at 0.999766
[INFO] [1653753854.934230651] [odom_translator]: Odometry received at 0.999770
[INFO] [1653753855.023985191] [odom_translator]: Odometry received at 0.999757
[INFO] [1653753855.130396406] [odom_translator]: Odometry received at 0.999766
[INFO] [1653753855.220460998] [odom_translator]: Odometry received at 0.999771
[INFO] [1653753855.326103373] [odom_translator]: Odometry received at 0.999770
[INFO] [1653753855.414045736] [odom_translator]: Odometry received at 0.999773
[INFO] [1653753855.509735119] [odom_translator]: Odometry received at 0.999763
[INFO] [1653753855.596921570] [odom_translator]: Odometry received at 0.999765
[INFO] [1653753855.690207633] [odom_translator]: Odometry received at 0.999766
[INFO] [1653753855.788279022] [odom_translator]: Odometry received at 0.999778
[INFO] [1653753855.890200754] [odom_translator]: Odometry received at 0.999763
[INFO] [1653753855.989369658] [odom_translator]: Odometry received at 0.999767
[INFO] [1653753856.082300134] [odom_translator]: Odometry received at 0.999764
[INFO] [1653753856.178229486] [odom_translator]: Odometry received at 0.999762
[INFO] [1653753856.259508520] [odom_translator]: Odometry received at 0.999769
[INFO] [1653753856.348185482] [odom_translator]: Odometry received at 0.999775
[INFO] [1653753856.442853350] [odom_translator]: Odometry received at 0.999766
[INFO] [1653753856.546230872] [odom_translator]: Odometry received at 0.999762
[INFO] [1653753856.655514019] [odom_translator]: Odometry received at 0.999771
[INFO] [1653753856.756601726] [odom_translator]: Odometry received at 0.999762
[INFO] [1653753856.838281756] [odom_translator]: Odometry received at 0.999768
[INFO] [1653753856.931514826] [odom_translator]: Odometry received at 0.999764
[INFO] [1653753857.022290816] [odom_translator]: Odometry received at 0.999767
[INFO] [1653753857.105025672] [odom_translator]: Odometry received at 0.999763
[INFO] [1653753857.205816161] [odom_translator]: Odometry received at 0.999766
[INFO] [1653753857.292456335] [odom_translator]: Odometry received at 0.999771
[INFO] [1653753857.378374390] [odom_translator]: Odometry received at 0.999764
[INFO] [1653753857.459601711] [odom_translator]: Odometry received at 0.999764
[INFO] [1653753857.558421460] [odom_translator]: Odometry received at 0.999759
[INFO] [1653753857.650746393] [odom_translator]: Odometry received at 0.999766
[INFO] [1653753857.747748268] [odom_translator]: Odometry received at 0.999769
[INFO] [1653753857.845810474] [odom_translator]: Odometry received at 0.999765
[INFO] [1653753857.938438994] [odom_translator]: Odometry received at 0.999763
[INFO] [1653753858.034281754] [odom_translator]: Odometry received at 0.999764
[INFO] [1653753858.140207173] [odom_translator]: Odometry received at 0.999794
[INFO] [1653753858.292056592] [odom_translator]: Odometry received at 0.999434
[INFO] [1653753858.392026528] [odom_translator]: Odometry received at 0.999031
[WARN] [1653753858.612778187] [odom_translator]: Data from the topic /rtabmap/odom has not been received for more than 5 seconds. Check that the input topic is being published correctly.
[ERROR] [1653753858.637207194] [odom_translator]: Null odometry has been received at 0.000000, aborting translation
[ERROR] [1653753858.788820962] [odom_translator]: Null odometry has been received at 0.000000, aborting translation
[ERROR] [1653753858.932067481] [odom_translator]: Null odometry has been received at 0.000000, aborting translation
[ERROR] [1653753859.076956032] [odom_translator]: Null odometry has been received at 0.000000, aborting translation
[ERROR] [1653753859.230977504] [odom_translator]: Null odometry has been received at 0.000000, aborting translation
[ERROR] [1653753859.369694378] [odom_translator]: Null odometry has been received at 0.000000, aborting translation
[ERROR] [1653753859.516684774] [odom_translator]: Null odometry has been received at 0.000000, aborting translation
[ERROR] [1653753859.666963425] [odom_translator]: Null odometry has been received at 0.000000, aborting translation
[ERROR] [1653753859.812591247] [odom_translator]: Null odometry has been received at 0.000000, aborting translation
[ERROR] [1653753859.960612981] [odom_translator]: Null odometry has been received at 0.000000, aborting translation
[ERROR] [1653753860.115351164] [odom_translator]: Null odometry has been received at 0.000000, aborting translation
[INFO] [1653753860.367721052] [odom_translator]: Odometry received at 0.997875
[INFO] [1653753860.600937441] [odom_translator]: Odometry received at 0.999460
[INFO] [1653753860.613196217] [odom_translator]: Odometry message added to the path and republished at 1653753860.613190, markers count: 10
[INFO] [1653753860.750582870] [odom_translator]: Odometry received at 0.996889
[INFO] [1653753860.850088962] [odom_translator]: Odometry received at 0.993276
[INFO] [1653753860.965688459] [odom_translator]: Odometry received at 0.991721
[INFO] [1653753861.059061851] [odom_translator]: Odometry received at 0.991229
[INFO] [1653753861.113207179] [odom_translator]: Odometry message added to the path and republished at 1653753861.113200, markers count: 10
[INFO] [1653753861.150383574] [odom_translator]: Odometry received at 0.990650
[INFO] [1653753861.263258757] [odom_translator]: Odometry received at 0.989735
[INFO] [1653753861.358248740] [odom_translator]: Odometry received at 0.989677
[INFO] [1653753861.505511170] [odom_translator]: Odometry received at 0.990477
[INFO] [1653753861.649803299] [odom_translator]: Odometry received at 0.988607
[INFO] [1653753861.803790083] [odom_translator]: Odometry received at 0.988470
[INFO] [1653753861.909827886] [odom_translator]: Odometry received at 0.988510
[INFO] [1653753862.025456695] [odom_translator]: Odometry received at 0.986512
[INFO] [1653753862.112473513] [odom_translator]: Odometry received at 0.986609
[INFO] [1653753862.114958369] [odom_translator]: Odometry message added to the path and republished at 1653753862.114953, markers count: 10
[INFO] [1653753862.199250232] [odom_translator]: Odometry received at 0.986562
[INFO] [1653753862.292460710] [odom_translator]: Odometry received at 0.986733
[INFO] [1653753862.388882580] [odom_translator]: Odometry received at 0.988153
[INFO] [1653753862.479978477] [odom_translator]: Odometry received at 0.987866
[INFO] [1653753862.576468828] [odom_translator]: Odometry received at 0.987533
[INFO] [1653753862.679675787] [odom_translator]: Odometry received at 0.987388
[INFO] [1653753862.785504309] [odom_translator]: Odometry received at 0.987660
[INFO] [1653753862.875746022] [odom_translator]: Odometry received at 0.987386
[INFO] [1653753862.966329243] [odom_translator]: Odometry received at 0.987285
[INFO] [1653753863.073655474] [odom_translator]: Odometry received at 0.987142
[INFO] [1653753863.114419617] [odom_translator]: Odometry message added to the path and republished at 1653753863.114411, markers count: 10
[INFO] [1653753863.177290022] [odom_translator]: Odometry received at 0.987249
[INFO] [1653753863.266391436] [odom_translator]: Odometry received at 0.987281
[INFO] [1653753863.373607075] [odom_translator]: Odometry received at 0.987444
[INFO] [1653753863.473932759] [odom_translator]: Odometry received at 0.987372
[INFO] [1653753863.580322662] [odom_translator]: Odometry received at 0.987267
[WARN] [1653753863.612750883] [odom_translator]: Data from the topic /rtabmap/odom has not been received for more than 5 seconds. Check that the input topic is being published correctly.
[INFO] [1653753863.681265248] [odom_translator]: Odometry received at 0.987347
[INFO] [1653753863.886079120] [odom_translator]: Odometry received at 0.987279
[INFO] [1653753863.914430468] [odom_translator]: Odometry received at 0.987325
[INFO] [1653753864.016882989] [odom_translator]: Odometry received at 0.987416
[INFO] [1653753864.123879650] [odom_translator]: Odometry received at 0.987325
[INFO] [1653753864.224925148] [odom_translator]: Odometry received at 0.987043
[INFO] [1653753864.323908963] [odom_translator]: Odometry received at 0.987044
[INFO] [1653753864.436373485] [odom_translator]: Odometry received at 0.987311
[INFO] [1653753864.528227502] [odom_translator]: Odometry received at 0.987128
[INFO] [1653753864.611694909] [odom_translator]: Odometry received at 0.987407
[INFO] [1653753864.722553911] [odom_translator]: Odometry received at 0.987203
[INFO] [1653753864.825040384] [odom_translator]: Odometry received at 0.987022
[INFO] [1653753864.925880505] [odom_translator]: Odometry received at 0.987120
[INFO] [1653753865.038404419] [odom_translator]: Odometry received at 0.987396
[INFO] [1653753865.113385888] [odom_translator]: Odometry message added to the path and republished at 1653753865.113379, markers count: 10
[INFO] [1653753865.130091107] [odom_translator]: Odometry received at 0.987344
[INFO] [1653753865.214165688] [odom_translator]: Odometry received at 0.987491
[INFO] [1653753865.324774960] [odom_translator]: Odometry received at 0.987390
[INFO] [1653753865.430352983] [odom_translator]: Odometry received at 0.987336
[INFO] [1653753865.518733718] [odom_translator]: Odometry received at 0.987305
[INFO] [1653753865.622341737] [odom_translator]: Odometry received at 0.987324
[INFO] [1653753865.714180106] [odom_translator]: Odometry received at 0.987492
[INFO] [1653753865.817627644] [odom_translator]: Odometry received at 0.987534
[INFO] [1653753865.927970322] [odom_translator]: Odometry received at 0.987486
[INFO] [1653753866.025753677] [odom_translator]: Odometry received at 0.987467
[INFO] [1653753866.124692723] [odom_translator]: Odometry received at 0.987357
[INFO] [1653753866.237043964] [odom_translator]: Odometry received at 0.987310
[INFO] [1653753866.327489999] [odom_translator]: Odometry received at 0.987325
[INFO] [1653753866.438195144] [odom_translator]: Odometry received at 0.987448
[INFO] [1653753866.539137985] [odom_translator]: Odometry received at 0.987445
[INFO] [1653753866.630373788] [odom_translator]: Odometry received at 0.987454
[INFO] [1653753866.726920075] [odom_translator]: Odometry received at 0.987404
[INFO] [1653753866.826645433] [odom_translator]: Odometry received at 0.987391
[INFO] [1653753866.923308617] [odom_translator]: Odometry received at 0.987506
[INFO] [1653753867.038880785] [odom_translator]: Odometry received at 0.987665
[INFO] [1653753867.140283951] [odom_translator]: Odometry received at 0.987719
[INFO] [1653753867.238946387] [odom_translator]: Odometry received at 0.987688
[INFO] [1653753867.352799498] [odom_translator]: Odometry received at 0.987844
[INFO] [1653753867.453765828] [odom_translator]: Odometry received at 0.987830
[INFO] [1653753867.567762045] [odom_translator]: Odometry received at 0.987717
[INFO] [1653753867.663382947] [odom_translator]: Odometry received at 0.987781
[INFO] [1653753867.759323820] [odom_translator]: Odometry received at 0.987914
[INFO] [1653753867.857877262] [odom_translator]: Odometry received at 0.987869
[INFO] [1653753867.961986727] [odom_translator]: Odometry received at 0.987999
[INFO] [1653753868.073194149] [odom_translator]: Odometry received at 0.987824
[INFO] [1653753868.170361433] [odom_translator]: Odometry received at 0.987771
[INFO] [1653753868.273552361] [odom_translator]: Odometry received at 0.987850
[INFO] [1653753868.372221453] [odom_translator]: Odometry received at 0.987967
[INFO] [1653753868.476141571] [odom_translator]: Odometry received at 0.987954
[INFO] [1653753868.566739800] [odom_translator]: Odometry received at 0.988063
[INFO] [1653753868.613509953] [odom_translator]: Odometry message added to the path and republished at 1653753868.613503, markers count: 10
[WARN] [1653753868.615299730] [odom_translator]: Data from the topic /rtabmap/odom has not been received for more than 5 seconds. Check that the input topic is being published correctly.
[INFO] [1653753868.661663415] [odom_translator]: Odometry received at 0.988017
[INFO] [1653753868.762999636] [odom_translator]: Odometry received at 0.987990
[INFO] [1653753868.857498351] [odom_translator]: Odometry received at 0.987953
[INFO] [1653753868.949380112] [odom_translator]: Odometry received at 0.987988
[INFO] [1653753869.037624526] [odom_translator]: Odometry received at 0.987982
[INFO] [1653753869.137518461] [odom_translator]: Odometry received at 0.987956
[INFO] [1653753869.230674987] [odom_translator]: Odometry received at 0.987958
[INFO] [1653753869.320686362] [odom_translator]: Odometry received at 0.987995
[INFO] [1653753869.416753796] [odom_translator]: Odometry received at 0.988006
[INFO] [1653753869.519683729] [odom_translator]: Odometry received at 0.987981
[INFO] [1653753869.609424669] [odom_translator]: Odometry received at 0.987903
[INFO] [1653753869.697054773] [odom_translator]: Odometry received at 0.987989
[INFO] [1653753869.793975591] [odom_translator]: Odometry received at 0.987982
[INFO] [1653753869.890270835] [odom_translator]: Odometry received at 0.987906
[INFO] [1653753870.002521883] [odom_translator]: Odometry received at 0.987881
[INFO] [1653753870.097102391] [odom_translator]: Odometry received at 0.987917
[INFO] [1653753870.192120151] [odom_translator]: Odometry received at 0.987920
[INFO] [1653753870.295989933] [odom_translator]: Odometry received at 0.987858
[INFO] [1653753870.386130557] [odom_translator]: Odometry received at 0.987860
[INFO] [1653753870.474285978] [odom_translator]: Odometry received at 0.987861
[INFO] [1653753870.592766399] [odom_translator]: Odometry received at 0.987831
[INFO] [1653753870.694045980] [odom_translator]: Odometry received at 0.987844
[INFO] [1653753870.794846676] [odom_translator]: Odometry received at 0.987883
[INFO] [1653753870.910134778] [odom_translator]: Odometry received at 0.987832
[INFO] [1653753870.998380311] [odom_translator]: Odometry received at 0.987819
[INFO] [1653753871.086772438] [odom_translator]: Odometry received at 0.987853
[INFO] [1653753871.196819113] [odom_translator]: Odometry received at 0.987843
[INFO] [1653753871.296872506] [odom_translator]: Odometry received at 0.987820
[INFO] [1653753871.409789192] [odom_translator]: Odometry received at 0.987884
[INFO] [1653753871.506817180] [odom_translator]: Odometry received at 0.987827
[INFO] [1653753871.600547663] [odom_translator]: Odometry received at 0.987829
[INFO] [1653753871.709334261] [odom_translator]: Odometry received at 0.987928
[INFO] [1653753871.798240089] [odom_translator]: Odometry received at 0.987945
[INFO] [1653753871.885576366] [odom_translator]: Odometry received at 0.987953
[INFO] [1653753871.981298037] [odom_translator]: Odometry received at 0.987920
[INFO] [1653753872.078397385] [odom_translator]: Odometry received at 0.987997
[INFO] [1653753872.182659267] [odom_translator]: Odometry received at 0.987974
[INFO] [1653753872.284634055] [odom_translator]: Odometry received at 0.987825
[INFO] [1653753872.386921038] [odom_translator]: Odometry received at 0.987981
[INFO] [1653753872.491131143] [odom_translator]: Odometry received at 0.987666
[INFO] [1653753872.595248864] [odom_translator]: Odometry received at 0.987787
[INFO] [1653753872.690878021] [odom_translator]: Odometry received at 0.987940
[INFO] [1653753872.792546950] [odom_translator]: Odometry received at 0.987947
[INFO] [1653753872.887398340] [odom_translator]: Odometry received at 0.987677
[INFO] [1653753872.985358177] [odom_translator]: Odometry received at 0.987856
[INFO] [1653753873.094979503] [odom_translator]: Odometry received at 0.987802
[INFO] [1653753873.190536244] [odom_translator]: Odometry received at 0.987869
[INFO] [1653753873.327254443] [odom_translator]: Odometry received at 0.987822
[INFO] [1653753873.419495760] [odom_translator]: Odometry received at 0.987789
[INFO] [1653753873.509415198] [odom_translator]: Odometry received at 0.987797
[INFO] [1653753873.603397428] [odom_translator]: Odometry received at 0.987809
[WARN] [1653753873.612853648] [odom_translator]: Data from the topic /rtabmap/odom has not been received for more than 5 seconds. Check that the input topic is being published correctly.
[INFO] [1653753873.695068787] [odom_translator]: Odometry received at 0.987779
[INFO] [1653753873.779803214] [odom_translator]: Odometry received at 0.987828
[INFO] [1653753873.874993839] [odom_translator]: Odometry received at 0.987770
[INFO] [1653753873.963827539] [odom_translator]: Odometry received at 0.987794
[INFO] [1653753874.055161135] [odom_translator]: Odometry received at 0.987763
[INFO] [1653753874.146797421] [odom_translator]: Odometry received at 0.987709
[INFO] [1653753874.245783892] [odom_translator]: Odometry received at 0.987760
[INFO] [1653753874.349959341] [odom_translator]: Odometry received at 0.987775
[INFO] [1653753874.440210174] [odom_translator]: Odometry received at 0.987739
[INFO] [1653753874.534001842] [odom_translator]: Odometry received at 0.987748
[INFO] [1653753874.625345838] [odom_translator]: Odometry received at 0.987630
[INFO] [1653753874.716839851] [odom_translator]: Odometry received at 0.987726
[INFO] [1653753874.807846948] [odom_translator]: Odometry received at 0.987723
[INFO] [1653753874.899344641] [odom_translator]: Odometry received at 0.987697
[INFO] [1653753874.990875263] [odom_translator]: Odometry received at 0.987755
[INFO] [1653753875.078459286] [odom_translator]: Odometry received at 0.987785
[INFO] [1653753875.172776879] [odom_translator]: Odometry received at 0.987711
[INFO] [1653753875.260496296] [odom_translator]: Odometry received at 0.987698
[INFO] [1653753875.351039644] [odom_translator]: Odometry received at 0.987661
[INFO] [1653753875.438066926] [odom_translator]: Odometry received at 0.987635
[INFO] [1653753875.527559703] [odom_translator]: Odometry received at 0.987593
[INFO] [1653753875.609607929] [odom_translator]: Odometry received at 0.987693
[INFO] [1653753875.699025058] [odom_translator]: Odometry received at 0.987679
[INFO] [1653753875.792528723] [odom_translator]: Odometry received at 0.987602
[INFO] [1653753875.876869258] [odom_translator]: Odometry received at 0.987646
[INFO] [1653753876.055051830] [odom_translator]: Odometry received at 0.987660
[INFO] [1653753876.146088623] [odom_translator]: Odometry received at 0.987551
[INFO] [1653753876.230468519] [odom_translator]: Odometry received at 0.987660
[INFO] [1653753876.318135263] [odom_translator]: Odometry received at 0.987589
[INFO] [1653753876.413308992] [odom_translator]: Odometry received at 0.987559
[INFO] [1653753876.506192683] [odom_translator]: Odometry received at 0.987602
[INFO] [1653753876.598131565] [odom_translator]: Odometry received at 0.987484
[INFO] [1653753876.614120969] [odom_translator]: Odometry message added to the path and republished at 1653753876.614113, markers count: 10
[INFO] [1653753876.686197737] [odom_translator]: Odometry received at 0.987470
[INFO] [1653753876.780875301] [odom_translator]: Odometry received at 0.987409
[INFO] [1653753876.884282967] [odom_translator]: Odometry received at 0.987742
[INFO] [1653753876.984818892] [odom_translator]: Odometry received at 0.987791
[INFO] [1653753877.086392364] [odom_translator]: Odometry received at 0.987723
[INFO] [1653753877.195060081] [odom_translator]: Odometry received at 0.987635
[INFO] [1653753877.314412255] [odom_translator]: Odometry received at 0.987838
[INFO] [1653753877.408276563] [odom_translator]: Odometry received at 0.987638
[INFO] [1653753877.497810685] [odom_translator]: Odometry received at 0.987772
[INFO] [1653753877.602092823] [odom_translator]: Odometry received at 0.987807
[INFO] [1653753877.697482011] [odom_translator]: Odometry received at 0.987476
[INFO] [1653753877.828207479] [odom_translator]: Odometry received at 0.987943
[INFO] [1653753877.920174905] [odom_translator]: Odometry received at 0.987847
[INFO] [1653753878.082501578] [odom_translator]: Odometry received at 0.988262
[INFO] [1653753878.113858108] [odom_translator]: Odometry message added to the path and republished at 1653753878.113850, markers count: 10
[INFO] [1653753878.169392987] [odom_translator]: Odometry received at 0.988172
[INFO] [1653753878.256243275] [odom_translator]: Odometry received at 0.988340
[INFO] [1653753878.361445422] [odom_translator]: Odometry received at 0.988533
[INFO] [1653753878.460847864] [odom_translator]: Odometry received at 0.988951
[INFO] [1653753878.549694652] [odom_translator]: Odometry received at 0.988710
[INFO] [1653753878.613581516] [odom_translator]: Odometry message added to the path and republished at 1653753878.613575, markers count: 10
[WARN] [1653753878.614307187] [odom_translator]: Data from the topic /rtabmap/odom has not been received for more than 5 seconds. Check that the input topic is being published correctly.
[INFO] [1653753878.656373198] [odom_translator]: Odometry received at 0.988847
[INFO] [1653753878.744933518] [odom_translator]: Odometry received at 0.988495
[INFO] [1653753878.830993367] [odom_translator]: Odometry received at 0.988547
[INFO] [1653753878.917411650] [odom_translator]: Odometry received at 0.988421
[INFO] [1653753879.004027696] [odom_translator]: Odometry received at 0.988597
[INFO] [1653753879.097074877] [odom_translator]: Odometry received at 0.988635
[INFO] [1653753879.181014544] [odom_translator]: Odometry received at 0.988544
[INFO] [1653753879.270615355] [odom_translator]: Odometry received at 0.988529
[INFO] [1653753879.363799881] [odom_translator]: Odometry received at 0.988477
[INFO] [1653753879.450278005] [odom_translator]: Odometry received at 0.988419
[INFO] [1653753879.536373054] [odom_translator]: Odometry received at 0.988423
[INFO] [1653753879.628439457] [odom_translator]: Odometry received at 0.988430
[INFO] [1653753879.719748988] [odom_translator]: Odometry received at 0.988491
[INFO] [1653753879.813599505] [odom_translator]: Odometry received at 0.988354
[INFO] [1653753879.905669972] [odom_translator]: Odometry received at 0.988418
[INFO] [1653753879.998150139] [odom_translator]: Odometry received at 0.988524
[INFO] [1653753880.102959770] [odom_translator]: Odometry received at 0.988523
[INFO] [1653753880.203600337] [odom_translator]: Odometry received at 0.988504
[INFO] [1653753880.299613914] [odom_translator]: Odometry received at 0.988502
[INFO] [1653753880.409323305] [odom_translator]: Odometry received at 0.988483
[INFO] [1653753880.511118699] [odom_translator]: Odometry received at 0.988507
[INFO] [1653753880.612066341] [odom_translator]: Odometry received at 0.988516
[INFO] [1653753880.706484287] [odom_translator]: Odometry received at 0.988517
[INFO] [1653753880.816452017] [odom_translator]: Odometry received at 0.988526
[INFO] [1653753880.911521201] [odom_translator]: Odometry received at 0.988514
[INFO] [1653753881.018844713] [odom_translator]: Odometry received at 0.988499
[INFO] [1653753881.112005526] [odom_translator]: Odometry received at 0.988468
[INFO] [1653753881.236470934] [odom_translator]: Odometry received at 0.988747
[INFO] [1653753881.436496151] [odom_translator]: Odometry received at 0.988458
[INFO] [1653753881.437690978] [odom_translator]: Odometry received at 0.988486
[INFO] [1653753881.532728546] [odom_translator]: Odometry received at 0.988572
[INFO] [1653753881.628484041] [odom_translator]: Odometry received at 0.988403
[INFO] [1653753881.752089952] [odom_translator]: Odometry received at 0.988534
[INFO] [1653753881.844328165] [odom_translator]: Odometry received at 0.988514
[INFO] [1653753881.949470663] [odom_translator]: Odometry received at 0.988734
[INFO] [1653753882.040881828] [odom_translator]: Odometry received at 0.988442
[INFO] [1653753882.140270350] [odom_translator]: Odometry received at 0.988452
[INFO] [1653753882.251595693] [odom_translator]: Odometry received at 0.988479
[INFO] [1653753882.447913354] [odom_translator]: Odometry received at 0.988453
[INFO] [1653753882.539837804] [odom_translator]: Odometry received at 0.988494
[INFO] [1653753882.634103108] [odom_translator]: Odometry received at 0.988421
[INFO] [1653753882.738042715] [odom_translator]: Odometry received at 0.988511
[INFO] [1653753882.844227176] [odom_translator]: Odometry received at 0.988470
[INFO] [1653753882.936405516] [odom_translator]: Odometry received at 0.988665
[INFO] [1653753883.041510414] [odom_translator]: Odometry received at 0.988334
[INFO] [1653753883.135812807] [odom_translator]: Odometry received at 0.988450
[INFO] [1653753883.245088658] [odom_translator]: Odometry received at 0.988514
[INFO] [1653753883.335648742] [odom_translator]: Odometry received at 0.988374
[INFO] [1653753883.455394519] [odom_translator]: Odometry received at 0.988362
[INFO] [1653753883.558641959] [odom_translator]: Odometry received at 0.988639
[WARN] [1653753883.613111035] [odom_translator]: Data from the topic /rtabmap/odom has not been received for more than 5 seconds. Check that the input topic is being published correctly.
[INFO] [1653753883.651939478] [odom_translator]: Odometry received at 0.988375
[INFO] [1653753883.763822906] [odom_translator]: Odometry received at 0.988499
[INFO] [1653753883.862921634] [odom_translator]: Odometry received at 0.988491
[INFO] [1653753883.967567200] [odom_translator]: Odometry received at 0.988487
[INFO] [1653753884.076850443] [odom_translator]: Odometry received at 0.988534
[INFO] [1653753884.186305944] [odom_translator]: Odometry received at 0.988488
[INFO] [1653753884.297066513] [odom_translator]: Odometry received at 0.988474
[INFO] [1653753884.394909836] [odom_translator]: Odometry received at 0.988298
[INFO] [1653753884.490284464] [odom_translator]: Odometry received at 0.988519
[INFO] [1653753884.593629953] [odom_translator]: Odometry received at 0.988325
[INFO] [1653753884.691082584] [odom_translator]: Odometry received at 0.988420
[INFO] [1653753884.784939341] [odom_translator]: Odometry received at 0.988416
[INFO] [1653753884.890888759] [odom_translator]: Odometry received at 0.988422
[INFO] [1653753884.998303024] [odom_translator]: Odometry received at 0.988432
[INFO] [1653753885.095600966] [odom_translator]: Odometry received at 0.988418
[INFO] [1653753885.196570144] [odom_translator]: Odometry received at 0.988606
[INFO] [1653753885.284853630] [odom_translator]: Odometry received at 0.988479
[INFO] [1653753885.381693487] [odom_translator]: Odometry received at 0.988516
[INFO] [1653753885.496686930] [odom_translator]: Odometry received at 0.988435
[INFO] [1653753885.606267200] [odom_translator]: Odometry received at 0.988629
[INFO] [1653753885.700925212] [odom_translator]: Odometry received at 0.988626
[INFO] [1653753885.800763435] [odom_translator]: Odometry received at 0.988589
[INFO] [1653753885.897245337] [odom_translator]: Odometry received at 0.988533
[INFO] [1653753886.004852308] [odom_translator]: Odometry received at 0.988502
[INFO] [1653753886.095939917] [odom_translator]: Odometry received at 0.988642
[INFO] [1653753886.194118956] [odom_translator]: Odometry received at 0.988593
[INFO] [1653753886.293584599] [odom_translator]: Odometry received at 0.988354
[INFO] [1653753886.395957150] [odom_translator]: Odometry received at 0.988362
[INFO] [1653753886.494309887] [odom_translator]: Odometry received at 0.988475
[INFO] [1653753886.591181168] [odom_translator]: Odometry received at 0.988484
[INFO] [1653753886.702302957] [odom_translator]: Odometry received at 0.988505
[INFO] [1653753886.790709772] [odom_translator]: Odometry received at 0.988486
[INFO] [1653753886.892586383] [odom_translator]: Odometry received at 0.988566
[INFO] [1653753886.983451590] [odom_translator]: Odometry received at 0.988469
[INFO] [1653753887.081478115] [odom_translator]: Odometry received at 0.988425
[INFO] [1653753887.192584416] [odom_translator]: Odometry received at 0.988467
[INFO] [1653753887.287978468] [odom_translator]: Odometry received at 0.988360
[INFO] [1653753887.377344012] [odom_translator]: Odometry received at 0.988398
[INFO] [1653753887.473004850] [odom_translator]: Odometry received at 0.988458
[INFO] [1653753887.575324249] [odom_translator]: Odometry received at 0.988508
[INFO] [1653753887.684274049] [odom_translator]: Odometry received at 0.988464
[INFO] [1653753887.788721085] [odom_translator]: Odometry received at 0.988432
[INFO] [1653753887.884720006] [odom_translator]: Odometry received at 0.988511
[INFO] [1653753887.976286340] [odom_translator]: Odometry received at 0.988487
[INFO] [1653753888.083536283] [odom_translator]: Odometry received at 0.988510
[INFO] [1653753888.181405463] [odom_translator]: Odometry received at 0.988310
[INFO] [1653753888.282192143] [odom_translator]: Odometry received at 0.988327
[INFO] [1653753888.383165737] [odom_translator]: Odometry received at 0.988447
[INFO] [1653753888.476840571] [odom_translator]: Odometry received at 0.988585
[INFO] [1653753888.584958811] [odom_translator]: Odometry received at 0.988463
[WARN] [1653753888.613293200] [odom_translator]: Data from the topic /rtabmap/odom has not been received for more than 5 seconds. Check that the input topic is being published correctly.
[INFO] [1653753888.709527611] [odom_translator]: Odometry received at 0.988375
[INFO] [1653753888.815942730] [odom_translator]: Odometry received at 0.988393
[INFO] [1653753888.919276443] [odom_translator]: Odometry received at 0.988512
[INFO] [1653753889.031255841] [odom_translator]: Odometry received at 0.988415
[INFO] [1653753889.141474741] [odom_translator]: Odometry received at 0.988447
[INFO] [1653753889.242180972] [odom_translator]: Odometry received at 0.988356
[INFO] [1653753889.354770199] [odom_translator]: Odometry received at 0.988536
[INFO] [1653753889.454066881] [odom_translator]: Odometry received at 0.988506
[INFO] [1653753889.560659249] [odom_translator]: Odometry received at 0.988626
[INFO] [1653753889.655381198] [odom_translator]: Odometry received at 0.988645
[INFO] [1653753889.745855458] [odom_translator]: Odometry received at 0.988638
[INFO] [1653753889.836675480] [odom_translator]: Odometry received at 0.988646
[INFO] [1653753889.945968164] [odom_translator]: Odometry received at 0.988580
[INFO] [1653753890.052163504] [odom_translator]: Odometry received at 0.988812
[INFO] [1653753890.156769070] [odom_translator]: Odometry received at 0.988870
[INFO] [1653753890.266209914] [odom_translator]: Odometry received at 0.988576
[INFO] [1653753890.367035091] [odom_translator]: Odometry received at 0.988546
[INFO] [1653753890.469978496] [odom_translator]: Odometry received at 0.988562
[INFO] [1653753890.572699819] [odom_translator]: Odometry received at 0.988489
[INFO] [1653753890.665935609] [odom_translator]: Odometry received at 0.988533
[INFO] [1653753890.779835953] [odom_translator]: Odometry received at 0.988547
[INFO] [1653753890.876121021] [odom_translator]: Odometry received at 0.988598
[INFO] [1653753890.986037486] [odom_translator]: Odometry received at 0.988511
[INFO] [1653753891.082518044] [odom_translator]: Odometry received at 0.988433
[INFO] [1653753891.183779993] [odom_translator]: Odometry received at 0.988585
[INFO] [1653753891.276376193] [odom_translator]: Odometry received at 0.988532
[INFO] [1653753891.376205136] [odom_translator]: Odometry received at 0.988500
[INFO] [1653753891.472808543] [odom_translator]: Odometry received at 0.988501
[INFO] [1653753891.574116412] [odom_translator]: Odometry received at 0.988541
[INFO] [1653753891.682332349] [odom_translator]: Odometry received at 0.988562
[INFO] [1653753891.788685739] [odom_translator]: Odometry received at 0.988474
[INFO] [1653753891.903395307] [odom_translator]: Odometry received at 0.988726
[INFO] [1653753892.002341809] [odom_translator]: Odometry received at 0.988857
[INFO] [1653753892.107196529] [odom_translator]: Odometry received at 0.988891
[INFO] [1653753892.113765361] [odom_translator]: Odometry message added to the path and republished at 1653753892.113759, markers count: 10
[INFO] [1653753892.208588751] [odom_translator]: Odometry received at 0.989284
[INFO] [1653753892.297558420] [odom_translator]: Odometry received at 0.989110
[INFO] [1653753892.424374218] [odom_translator]: Odometry received at 0.989193
[INFO] [1653753892.525591814] [odom_translator]: Odometry received at 0.989367
[INFO] [1653753892.613748483] [odom_translator]: Odometry message added to the path and republished at 1653753892.613740, markers count: 10
[INFO] [1653753892.621550191] [odom_translator]: Odometry received at 0.989650
[INFO] [1653753892.724614589] [odom_translator]: Odometry received at 0.989695
[INFO] [1653753892.830107395] [odom_translator]: Odometry received at 0.990038
[INFO] [1653753892.920530934] [odom_translator]: Odometry received at 0.990232
[INFO] [1653753893.078126137] [odom_translator]: Odometry received at 0.989822
[INFO] [1653753893.113919254] [odom_translator]: Odometry message added to the path and republished at 1653753893.113912, markers count: 10
[INFO] [1653753893.196090520] [odom_translator]: Odometry received at 0.990291
[INFO] [1653753893.274244851] [odom_translator]: Odometry received at 0.990261
[INFO] [1653753893.394355048] [odom_translator]: Odometry received at 0.990209
[INFO] [1653753893.482504837] [odom_translator]: Odometry received at 0.990227
[INFO] [1653753893.570967493] [odom_translator]: Odometry received at 0.990176
[WARN] [1653753893.612889214] [odom_translator]: Data from the topic /rtabmap/odom has not been received for more than 5 seconds. Check that the input topic is being published correctly.
[INFO] [1653753893.656715178] [odom_translator]: Odometry received at 0.990292
[INFO] [1653753893.769092787] [odom_translator]: Odometry received at 0.990124
[INFO] [1653753893.871562331] [odom_translator]: Odometry received at 0.990108
[INFO] [1653753893.975027310] [odom_translator]: Odometry received at 0.989966
[INFO] [1653753894.076264170] [odom_translator]: Odometry received at 0.989905
[INFO] [1653753894.181644367] [odom_translator]: Odometry received at 0.989929
[INFO] [1653753894.275184288] [odom_translator]: Odometry received at 0.989782
[INFO] [1653753894.397422250] [odom_translator]: Odometry received at 0.989992
[INFO] [1653753894.500262518] [odom_translator]: Odometry received at 0.989948
[INFO] [1653753894.599649344] [odom_translator]: Odometry received at 0.989907
[INFO] [1653753894.693045296] [odom_translator]: Odometry received at 0.989854
[INFO] [1653753894.785692056] [odom_translator]: Odometry received at 0.989914
[INFO] [1653753894.892016935] [odom_translator]: Odometry received at 0.989869
[INFO] [1653753894.985619192] [odom_translator]: Odometry received at 0.989827
[INFO] [1653753895.081366943] [odom_translator]: Odometry received at 0.989861
[INFO] [1653753895.200735853] [odom_translator]: Odometry received at 0.989788
[INFO] [1653753895.300866398] [odom_translator]: Odometry received at 0.989759
[INFO] [1653753895.395858942] [odom_translator]: Odometry received at 0.989666
[INFO] [1653753895.504557699] [odom_translator]: Odometry received at 0.989643
[INFO] [1653753895.633536430] [odom_translator]: Odometry received at 0.989562
[INFO] [1653753897.271633480] [rclcpp]: signal_handler(signal_value=2)
