The system is: Linux - 5.15.122-tegra - aarch64
Compiling the C compiler identification source file "CMakeCCompilerId.c" succeeded.
Compiler: /usr/bin/aarch64-linux-gnu-gcc 
Build flags: -O3;-ffast-math;-Wall;-march=armv8.2-a+simd+crypto+predres;-mtune=cortex-a57;-std=c17
Id flags:  

The output was:
0


Compilation of the C compiler identification source "CMakeCCompilerId.c" produced "a.out"

The C compiler identification is GNU, found in "/truck/build/CMakeFiles/3.16.3/CompilerIdC/a.out"

Compiling the CXX compiler identification source file "CMakeCXXCompilerId.cpp" succeeded.
Compiler: /usr/bin/aarch64-linux-gnu-g++ 
Build flags: -O3;-ffast-math;-Wall;-march=armv8.2-a+simd+crypto+predres;-mtune=cortex-a57;-std=c++2a
Id flags:  

The output was:
0


Compilation of the CXX compiler identification source "CMakeCXXCompilerId.cpp" produced "a.out"

The CXX compiler identification is GNU, found in "/truck/build/CMakeFiles/3.16.3/CompilerIdCXX/a.out"

Determining if the C compiler works passed with the following output:
Change Dir: /truck/build/CMakeFiles/CMakeTmp

Run Build Command(s):/usr/bin/make cmTC_70349/fast && /usr/bin/make -f CMakeFiles/cmTC_70349.dir/build.make CMakeFiles/cmTC_70349.dir/build
make[1]: Entering directory '/truck/build/CMakeFiles/CMakeTmp'
Building C object CMakeFiles/cmTC_70349.dir/testCCompiler.c.o
/usr/bin/aarch64-linux-gnu-gcc   -O3 -ffast-math -Wall -march=armv8.2-a+simd+crypto+predres -mtune=cortex-a57 -std=c17    -o CMakeFiles/cmTC_70349.dir/testCCompiler.c.o   -c /truck/build/CMakeFiles/CMakeTmp/testCCompiler.c
Linking C executable cmTC_70349
/usr/bin/cmake -E cmake_link_script CMakeFiles/cmTC_70349.dir/link.txt --verbose=1
/usr/bin/aarch64-linux-gnu-gcc -O3 -ffast-math -Wall -march=armv8.2-a+simd+crypto+predres -mtune=cortex-a57 -std=c17     CMakeFiles/cmTC_70349.dir/testCCompiler.c.o  -o cmTC_70349 
make[1]: Leaving directory '/truck/build/CMakeFiles/CMakeTmp'



Detecting C compiler ABI info compiled with the following output:
Change Dir: /truck/build/CMakeFiles/CMakeTmp

Run Build Command(s):/usr/bin/make cmTC_86c5a/fast && /usr/bin/make -f CMakeFiles/cmTC_86c5a.dir/build.make CMakeFiles/cmTC_86c5a.dir/build
make[1]: Entering directory '/truck/build/CMakeFiles/CMakeTmp'
Building C object CMakeFiles/cmTC_86c5a.dir/CMakeCCompilerABI.c.o
/usr/bin/aarch64-linux-gnu-gcc   -O3 -ffast-math -Wall -march=armv8.2-a+simd+crypto+predres -mtune=cortex-a57 -std=c17    -v -o CMakeFiles/cmTC_86c5a.dir/CMakeCCompilerABI.c.o   -c /usr/share/cmake-3.16/Modules/CMakeCCompilerABI.c
Using built-in specs.
COLLECT_GCC=/usr/bin/aarch64-linux-gnu-gcc
Target: aarch64-linux-gnu
Configured with: ../src/configure -v --with-pkgversion='Ubuntu 9.4.0-1ubuntu1~20.04.2' --with-bugurl=file:///usr/share/doc/gcc-9/README.Bugs --enable-languages=c,ada,c++,go,d,fortran,objc,obj-c++,gm2 --prefix=/usr --with-gcc-major-version-only --program-suffix=-9 --program-prefix=aarch64-linux-gnu- --enable-shared --enable-linker-build-id --libexecdir=/usr/lib --without-included-gettext --enable-threads=posix --libdir=/usr/lib --enable-nls --enable-clocale=gnu --enable-libstdcxx-debug --enable-libstdcxx-time=yes --with-default-libstdcxx-abi=new --enable-gnu-unique-object --disable-libquadmath --disable-libquadmath-support --enable-plugin --enable-default-pie --with-system-zlib --with-target-system-zlib=auto --enable-objc-gc=auto --enable-multiarch --enable-fix-cortex-a53-843419 --disable-werror --enable-checking=release --build=aarch64-linux-gnu --host=aarch64-linux-gnu --target=aarch64-linux-gnu
Thread model: posix
gcc version 9.4.0 (Ubuntu 9.4.0-1ubuntu1~20.04.2) 
COLLECT_GCC_OPTIONS='-O3' '-ffast-math' '-Wall' '-march=armv8.2-a+simd+crypto+predres' '-mtune=cortex-a57' '-std=c17' '-v' '-o' 'CMakeFiles/cmTC_86c5a.dir/CMakeCCompilerABI.c.o' '-c' '-mlittle-endian' '-mabi=lp64'
 /usr/lib/gcc/aarch64-linux-gnu/9/cc1 -quiet -v -imultiarch aarch64-linux-gnu /usr/share/cmake-3.16/Modules/CMakeCCompilerABI.c -quiet -dumpbase CMakeCCompilerABI.c -march=armv8.2-a+simd+crypto+predres -mtune=cortex-a57 -mlittle-endian -mabi=lp64 -auxbase-strip CMakeFiles/cmTC_86c5a.dir/CMakeCCompilerABI.c.o -O3 -Wall -std=c17 -version -ffast-math -fasynchronous-unwind-tables -fstack-protector-strong -Wformat-security -fstack-clash-protection -o /tmp/cce8MOeE.s
GNU C17 (Ubuntu 9.4.0-1ubuntu1~20.04.2) version 9.4.0 (aarch64-linux-gnu)
	compiled by GNU C version 9.4.0, GMP version 6.2.0, MPFR version 4.0.2, MPC version 1.1.0, isl version isl-0.22.1-GMP

GGC heuristics: --param ggc-min-expand=100 --param ggc-min-heapsize=131072
ignoring nonexistent directory "/usr/local/include/aarch64-linux-gnu"
ignoring nonexistent directory "/usr/lib/gcc/aarch64-linux-gnu/9/include-fixed"
ignoring nonexistent directory "/usr/lib/gcc/aarch64-linux-gnu/9/../../../../aarch64-linux-gnu/include"
#include "..." search starts here:
#include <...> search starts here:
 /usr/lib/gcc/aarch64-linux-gnu/9/include
 /usr/local/include
 /usr/include/aarch64-linux-gnu
 /usr/include
End of search list.
GNU C17 (Ubuntu 9.4.0-1ubuntu1~20.04.2) version 9.4.0 (aarch64-linux-gnu)
	compiled by GNU C version 9.4.0, GMP version 6.2.0, MPFR version 4.0.2, MPC version 1.1.0, isl version isl-0.22.1-GMP

GGC heuristics: --param ggc-min-expand=100 --param ggc-min-heapsize=131072
Compiler executable checksum: bae83efe2e4e7b8eac1a6149e340cc5c
COLLECT_GCC_OPTIONS='-O3' '-ffast-math' '-Wall' '-march=armv8.2-a+simd+crypto+predres' '-mtune=cortex-a57' '-std=c17' '-v' '-o' 'CMakeFiles/cmTC_86c5a.dir/CMakeCCompilerABI.c.o' '-c' '-mlittle-endian' '-mabi=lp64'
 as -v -EL -march=armv8.2-a+simd+crypto+predres -mabi=lp64 -o CMakeFiles/cmTC_86c5a.dir/CMakeCCompilerABI.c.o /tmp/cce8MOeE.s
GNU assembler version 2.34 (aarch64-linux-gnu) using BFD version (GNU Binutils for Ubuntu) 2.34
COMPILER_PATH=/usr/lib/gcc/aarch64-linux-gnu/9/:/usr/lib/gcc/aarch64-linux-gnu/9/:/usr/lib/gcc/aarch64-linux-gnu/:/usr/lib/gcc/aarch64-linux-gnu/9/:/usr/lib/gcc/aarch64-linux-gnu/
LIBRARY_PATH=/usr/lib/gcc/aarch64-linux-gnu/9/:/usr/lib/gcc/aarch64-linux-gnu/9/../../../aarch64-linux-gnu/:/usr/lib/gcc/aarch64-linux-gnu/9/../../../../lib/:/lib/aarch64-linux-gnu/:/lib/../lib/:/usr/lib/aarch64-linux-gnu/:/usr/lib/../lib/:/usr/lib/gcc/aarch64-linux-gnu/9/../../../:/lib/:/usr/lib/
COLLECT_GCC_OPTIONS='-O3' '-ffast-math' '-Wall' '-march=armv8.2-a+simd+crypto+predres' '-mtune=cortex-a57' '-std=c17' '-v' '-o' 'CMakeFiles/cmTC_86c5a.dir/CMakeCCompilerABI.c.o' '-c' '-mlittle-endian' '-mabi=lp64'
Linking C executable cmTC_86c5a
/usr/bin/cmake -E cmake_link_script CMakeFiles/cmTC_86c5a.dir/link.txt --verbose=1
/usr/bin/aarch64-linux-gnu-gcc -O3 -ffast-math -Wall -march=armv8.2-a+simd+crypto+predres -mtune=cortex-a57 -std=c17    -v CMakeFiles/cmTC_86c5a.dir/CMakeCCompilerABI.c.o  -o cmTC_86c5a 
Using built-in specs.
COLLECT_GCC=/usr/bin/aarch64-linux-gnu-gcc
COLLECT_LTO_WRAPPER=/usr/lib/gcc/aarch64-linux-gnu/9/lto-wrapper
Target: aarch64-linux-gnu
Configured with: ../src/configure -v --with-pkgversion='Ubuntu 9.4.0-1ubuntu1~20.04.2' --with-bugurl=file:///usr/share/doc/gcc-9/README.Bugs --enable-languages=c,ada,c++,go,d,fortran,objc,obj-c++,gm2 --prefix=/usr --with-gcc-major-version-only --program-suffix=-9 --program-prefix=aarch64-linux-gnu- --enable-shared --enable-linker-build-id --libexecdir=/usr/lib --without-included-gettext --enable-threads=posix --libdir=/usr/lib --enable-nls --enable-clocale=gnu --enable-libstdcxx-debug --enable-libstdcxx-time=yes --with-default-libstdcxx-abi=new --enable-gnu-unique-object --disable-libquadmath --disable-libquadmath-support --enable-plugin --enable-default-pie --with-system-zlib --with-target-system-zlib=auto --enable-objc-gc=auto --enable-multiarch --enable-fix-cortex-a53-843419 --disable-werror --enable-checking=release --build=aarch64-linux-gnu --host=aarch64-linux-gnu --target=aarch64-linux-gnu
Thread model: posix
gcc version 9.4.0 (Ubuntu 9.4.0-1ubuntu1~20.04.2) 
COMPILER_PATH=/usr/lib/gcc/aarch64-linux-gnu/9/:/usr/lib/gcc/aarch64-linux-gnu/9/:/usr/lib/gcc/aarch64-linux-gnu/:/usr/lib/gcc/aarch64-linux-gnu/9/:/usr/lib/gcc/aarch64-linux-gnu/
LIBRARY_PATH=/usr/lib/gcc/aarch64-linux-gnu/9/:/usr/lib/gcc/aarch64-linux-gnu/9/../../../aarch64-linux-gnu/:/usr/lib/gcc/aarch64-linux-gnu/9/../../../../lib/:/lib/aarch64-linux-gnu/:/lib/../lib/:/usr/lib/aarch64-linux-gnu/:/usr/lib/../lib/:/usr/lib/gcc/aarch64-linux-gnu/9/../../../:/lib/:/usr/lib/
COLLECT_GCC_OPTIONS='-O3' '-ffast-math' '-Wall' '-march=armv8.2-a+simd+crypto+predres' '-mtune=cortex-a57' '-std=c17' '-v' '-o' 'cmTC_86c5a' '-mlittle-endian' '-mabi=lp64'
 /usr/lib/gcc/aarch64-linux-gnu/9/collect2 -plugin /usr/lib/gcc/aarch64-linux-gnu/9/liblto_plugin.so -plugin-opt=/usr/lib/gcc/aarch64-linux-gnu/9/lto-wrapper -plugin-opt=-fresolution=/tmp/ccNuAEB8.res -plugin-opt=-pass-through=-lgcc -plugin-opt=-pass-through=-lgcc_s -plugin-opt=-pass-through=-lc -plugin-opt=-pass-through=-lgcc -plugin-opt=-pass-through=-lgcc_s --build-id --eh-frame-hdr --hash-style=gnu --as-needed -dynamic-linker /lib/ld-linux-aarch64.so.1 -X -EL -maarch64linux --fix-cortex-a53-843419 -pie -z now -z relro -o cmTC_86c5a /usr/lib/gcc/aarch64-linux-gnu/9/../../../aarch64-linux-gnu/Scrt1.o /usr/lib/gcc/aarch64-linux-gnu/9/../../../aarch64-linux-gnu/crti.o /usr/lib/gcc/aarch64-linux-gnu/9/crtbeginS.o -L/usr/lib/gcc/aarch64-linux-gnu/9 -L/usr/lib/gcc/aarch64-linux-gnu/9/../../../aarch64-linux-gnu -L/usr/lib/gcc/aarch64-linux-gnu/9/../../../../lib -L/lib/aarch64-linux-gnu -L/lib/../lib -L/usr/lib/aarch64-linux-gnu -L/usr/lib/../lib -L/usr/lib/gcc/aarch64-linux-gnu/9/../../.. CMakeFiles/cmTC_86c5a.dir/CMakeCCompilerABI.c.o -lgcc --push-state --as-needed -lgcc_s --pop-state -lc -lgcc --push-state --as-needed -lgcc_s --pop-state /usr/lib/gcc/aarch64-linux-gnu/9/crtfastmath.o /usr/lib/gcc/aarch64-linux-gnu/9/crtendS.o /usr/lib/gcc/aarch64-linux-gnu/9/../../../aarch64-linux-gnu/crtn.o
COLLECT_GCC_OPTIONS='-O3' '-ffast-math' '-Wall' '-march=armv8.2-a+simd+crypto+predres' '-mtune=cortex-a57' '-std=c17' '-v' '-o' 'cmTC_86c5a' '-mlittle-endian' '-mabi=lp64'
make[1]: Leaving directory '/truck/build/CMakeFiles/CMakeTmp'



Parsed C implicit include dir info from above output: rv=done
  found start of include info
  found start of implicit include info
    add: [/usr/lib/gcc/aarch64-linux-gnu/9/include]
    add: [/usr/local/include]
    add: [/usr/include/aarch64-linux-gnu]
    add: [/usr/include]
  end of search list found
  collapse include dir [/usr/lib/gcc/aarch64-linux-gnu/9/include] ==> [/usr/lib/gcc/aarch64-linux-gnu/9/include]
  collapse include dir [/usr/local/include] ==> [/usr/local/include]
  collapse include dir [/usr/include/aarch64-linux-gnu] ==> [/usr/include/aarch64-linux-gnu]
  collapse include dir [/usr/include] ==> [/usr/include]
  implicit include dirs: [/usr/lib/gcc/aarch64-linux-gnu/9/include;/usr/local/include;/usr/include/aarch64-linux-gnu;/usr/include]


Parsed C implicit link information from above output:
  link line regex: [^( *|.*[/\])(ld|CMAKE_LINK_STARTFILE-NOTFOUND|([^/\]+-)?ld|collect2)[^/\]*( |$)]
  ignore line: [Change Dir: /truck/build/CMakeFiles/CMakeTmp]
  ignore line: []
  ignore line: [Run Build Command(s):/usr/bin/make cmTC_86c5a/fast && /usr/bin/make -f CMakeFiles/cmTC_86c5a.dir/build.make CMakeFiles/cmTC_86c5a.dir/build]
  ignore line: [make[1]: Entering directory '/truck/build/CMakeFiles/CMakeTmp']
  ignore line: [Building C object CMakeFiles/cmTC_86c5a.dir/CMakeCCompilerABI.c.o]
  ignore line: [/usr/bin/aarch64-linux-gnu-gcc   -O3 -ffast-math -Wall -march=armv8.2-a+simd+crypto+predres -mtune=cortex-a57 -std=c17    -v -o CMakeFiles/cmTC_86c5a.dir/CMakeCCompilerABI.c.o   -c /usr/share/cmake-3.16/Modules/CMakeCCompilerABI.c]
  ignore line: [Using built-in specs.]
  ignore line: [COLLECT_GCC=/usr/bin/aarch64-linux-gnu-gcc]
  ignore line: [Target: aarch64-linux-gnu]
  ignore line: [Configured with: ../src/configure -v --with-pkgversion='Ubuntu 9.4.0-1ubuntu1~20.04.2' --with-bugurl=file:///usr/share/doc/gcc-9/README.Bugs --enable-languages=c ada c++ go d fortran objc obj-c++ gm2 --prefix=/usr --with-gcc-major-version-only --program-suffix=-9 --program-prefix=aarch64-linux-gnu- --enable-shared --enable-linker-build-id --libexecdir=/usr/lib --without-included-gettext --enable-threads=posix --libdir=/usr/lib --enable-nls --enable-clocale=gnu --enable-libstdcxx-debug --enable-libstdcxx-time=yes --with-default-libstdcxx-abi=new --enable-gnu-unique-object --disable-libquadmath --disable-libquadmath-support --enable-plugin --enable-default-pie --with-system-zlib --with-target-system-zlib=auto --enable-objc-gc=auto --enable-multiarch --enable-fix-cortex-a53-843419 --disable-werror --enable-checking=release --build=aarch64-linux-gnu --host=aarch64-linux-gnu --target=aarch64-linux-gnu]
  ignore line: [Thread model: posix]
  ignore line: [gcc version 9.4.0 (Ubuntu 9.4.0-1ubuntu1~20.04.2) ]
  ignore line: [COLLECT_GCC_OPTIONS='-O3' '-ffast-math' '-Wall' '-march=armv8.2-a+simd+crypto+predres' '-mtune=cortex-a57' '-std=c17' '-v' '-o' 'CMakeFiles/cmTC_86c5a.dir/CMakeCCompilerABI.c.o' '-c' '-mlittle-endian' '-mabi=lp64']
  ignore line: [ /usr/lib/gcc/aarch64-linux-gnu/9/cc1 -quiet -v -imultiarch aarch64-linux-gnu /usr/share/cmake-3.16/Modules/CMakeCCompilerABI.c -quiet -dumpbase CMakeCCompilerABI.c -march=armv8.2-a+simd+crypto+predres -mtune=cortex-a57 -mlittle-endian -mabi=lp64 -auxbase-strip CMakeFiles/cmTC_86c5a.dir/CMakeCCompilerABI.c.o -O3 -Wall -std=c17 -version -ffast-math -fasynchronous-unwind-tables -fstack-protector-strong -Wformat-security -fstack-clash-protection -o /tmp/cce8MOeE.s]
  ignore line: [GNU C17 (Ubuntu 9.4.0-1ubuntu1~20.04.2) version 9.4.0 (aarch64-linux-gnu)]
  ignore line: [	compiled by GNU C version 9.4.0  GMP version 6.2.0  MPFR version 4.0.2  MPC version 1.1.0  isl version isl-0.22.1-GMP]
  ignore line: []
  ignore line: [GGC heuristics: --param ggc-min-expand=100 --param ggc-min-heapsize=131072]
  ignore line: [ignoring nonexistent directory "/usr/local/include/aarch64-linux-gnu"]
  ignore line: [ignoring nonexistent directory "/usr/lib/gcc/aarch64-linux-gnu/9/include-fixed"]
  ignore line: [ignoring nonexistent directory "/usr/lib/gcc/aarch64-linux-gnu/9/../../../../aarch64-linux-gnu/include"]
  ignore line: [#include "..." search starts here:]
  ignore line: [#include <...> search starts here:]
  ignore line: [ /usr/lib/gcc/aarch64-linux-gnu/9/include]
  ignore line: [ /usr/local/include]
  ignore line: [ /usr/include/aarch64-linux-gnu]
  ignore line: [ /usr/include]
  ignore line: [End of search list.]
  ignore line: [GNU C17 (Ubuntu 9.4.0-1ubuntu1~20.04.2) version 9.4.0 (aarch64-linux-gnu)]
  ignore line: [	compiled by GNU C version 9.4.0  GMP version 6.2.0  MPFR version 4.0.2  MPC version 1.1.0  isl version isl-0.22.1-GMP]
  ignore line: []
  ignore line: [GGC heuristics: --param ggc-min-expand=100 --param ggc-min-heapsize=131072]
  ignore line: [Compiler executable checksum: bae83efe2e4e7b8eac1a6149e340cc5c]
  ignore line: [COLLECT_GCC_OPTIONS='-O3' '-ffast-math' '-Wall' '-march=armv8.2-a+simd+crypto+predres' '-mtune=cortex-a57' '-std=c17' '-v' '-o' 'CMakeFiles/cmTC_86c5a.dir/CMakeCCompilerABI.c.o' '-c' '-mlittle-endian' '-mabi=lp64']
  ignore line: [ as -v -EL -march=armv8.2-a+simd+crypto+predres -mabi=lp64 -o CMakeFiles/cmTC_86c5a.dir/CMakeCCompilerABI.c.o /tmp/cce8MOeE.s]
  ignore line: [GNU assembler version 2.34 (aarch64-linux-gnu) using BFD version (GNU Binutils for Ubuntu) 2.34]
  ignore line: [COMPILER_PATH=/usr/lib/gcc/aarch64-linux-gnu/9/:/usr/lib/gcc/aarch64-linux-gnu/9/:/usr/lib/gcc/aarch64-linux-gnu/:/usr/lib/gcc/aarch64-linux-gnu/9/:/usr/lib/gcc/aarch64-linux-gnu/]
  ignore line: [LIBRARY_PATH=/usr/lib/gcc/aarch64-linux-gnu/9/:/usr/lib/gcc/aarch64-linux-gnu/9/../../../aarch64-linux-gnu/:/usr/lib/gcc/aarch64-linux-gnu/9/../../../../lib/:/lib/aarch64-linux-gnu/:/lib/../lib/:/usr/lib/aarch64-linux-gnu/:/usr/lib/../lib/:/usr/lib/gcc/aarch64-linux-gnu/9/../../../:/lib/:/usr/lib/]
  ignore line: [COLLECT_GCC_OPTIONS='-O3' '-ffast-math' '-Wall' '-march=armv8.2-a+simd+crypto+predres' '-mtune=cortex-a57' '-std=c17' '-v' '-o' 'CMakeFiles/cmTC_86c5a.dir/CMakeCCompilerABI.c.o' '-c' '-mlittle-endian' '-mabi=lp64']
  ignore line: [Linking C executable cmTC_86c5a]
  ignore line: [/usr/bin/cmake -E cmake_link_script CMakeFiles/cmTC_86c5a.dir/link.txt --verbose=1]
  ignore line: [/usr/bin/aarch64-linux-gnu-gcc -O3 -ffast-math -Wall -march=armv8.2-a+simd+crypto+predres -mtune=cortex-a57 -std=c17    -v CMakeFiles/cmTC_86c5a.dir/CMakeCCompilerABI.c.o  -o cmTC_86c5a ]
  ignore line: [Using built-in specs.]
  ignore line: [COLLECT_GCC=/usr/bin/aarch64-linux-gnu-gcc]
  ignore line: [COLLECT_LTO_WRAPPER=/usr/lib/gcc/aarch64-linux-gnu/9/lto-wrapper]
  ignore line: [Target: aarch64-linux-gnu]
  ignore line: [Configured with: ../src/configure -v --with-pkgversion='Ubuntu 9.4.0-1ubuntu1~20.04.2' --with-bugurl=file:///usr/share/doc/gcc-9/README.Bugs --enable-languages=c ada c++ go d fortran objc obj-c++ gm2 --prefix=/usr --with-gcc-major-version-only --program-suffix=-9 --program-prefix=aarch64-linux-gnu- --enable-shared --enable-linker-build-id --libexecdir=/usr/lib --without-included-gettext --enable-threads=posix --libdir=/usr/lib --enable-nls --enable-clocale=gnu --enable-libstdcxx-debug --enable-libstdcxx-time=yes --with-default-libstdcxx-abi=new --enable-gnu-unique-object --disable-libquadmath --disable-libquadmath-support --enable-plugin --enable-default-pie --with-system-zlib --with-target-system-zlib=auto --enable-objc-gc=auto --enable-multiarch --enable-fix-cortex-a53-843419 --disable-werror --enable-checking=release --build=aarch64-linux-gnu --host=aarch64-linux-gnu --target=aarch64-linux-gnu]
  ignore line: [Thread model: posix]
  ignore line: [gcc version 9.4.0 (Ubuntu 9.4.0-1ubuntu1~20.04.2) ]
  ignore line: [COMPILER_PATH=/usr/lib/gcc/aarch64-linux-gnu/9/:/usr/lib/gcc/aarch64-linux-gnu/9/:/usr/lib/gcc/aarch64-linux-gnu/:/usr/lib/gcc/aarch64-linux-gnu/9/:/usr/lib/gcc/aarch64-linux-gnu/]
  ignore line: [LIBRARY_PATH=/usr/lib/gcc/aarch64-linux-gnu/9/:/usr/lib/gcc/aarch64-linux-gnu/9/../../../aarch64-linux-gnu/:/usr/lib/gcc/aarch64-linux-gnu/9/../../../../lib/:/lib/aarch64-linux-gnu/:/lib/../lib/:/usr/lib/aarch64-linux-gnu/:/usr/lib/../lib/:/usr/lib/gcc/aarch64-linux-gnu/9/../../../:/lib/:/usr/lib/]
  ignore line: [COLLECT_GCC_OPTIONS='-O3' '-ffast-math' '-Wall' '-march=armv8.2-a+simd+crypto+predres' '-mtune=cortex-a57' '-std=c17' '-v' '-o' 'cmTC_86c5a' '-mlittle-endian' '-mabi=lp64']
  link line: [ /usr/lib/gcc/aarch64-linux-gnu/9/collect2 -plugin /usr/lib/gcc/aarch64-linux-gnu/9/liblto_plugin.so -plugin-opt=/usr/lib/gcc/aarch64-linux-gnu/9/lto-wrapper -plugin-opt=-fresolution=/tmp/ccNuAEB8.res -plugin-opt=-pass-through=-lgcc -plugin-opt=-pass-through=-lgcc_s -plugin-opt=-pass-through=-lc -plugin-opt=-pass-through=-lgcc -plugin-opt=-pass-through=-lgcc_s --build-id --eh-frame-hdr --hash-style=gnu --as-needed -dynamic-linker /lib/ld-linux-aarch64.so.1 -X -EL -maarch64linux --fix-cortex-a53-843419 -pie -z now -z relro -o cmTC_86c5a /usr/lib/gcc/aarch64-linux-gnu/9/../../../aarch64-linux-gnu/Scrt1.o /usr/lib/gcc/aarch64-linux-gnu/9/../../../aarch64-linux-gnu/crti.o /usr/lib/gcc/aarch64-linux-gnu/9/crtbeginS.o -L/usr/lib/gcc/aarch64-linux-gnu/9 -L/usr/lib/gcc/aarch64-linux-gnu/9/../../../aarch64-linux-gnu -L/usr/lib/gcc/aarch64-linux-gnu/9/../../../../lib -L/lib/aarch64-linux-gnu -L/lib/../lib -L/usr/lib/aarch64-linux-gnu -L/usr/lib/../lib -L/usr/lib/gcc/aarch64-linux-gnu/9/../../.. CMakeFiles/cmTC_86c5a.dir/CMakeCCompilerABI.c.o -lgcc --push-state --as-needed -lgcc_s --pop-state -lc -lgcc --push-state --as-needed -lgcc_s --pop-state /usr/lib/gcc/aarch64-linux-gnu/9/crtfastmath.o /usr/lib/gcc/aarch64-linux-gnu/9/crtendS.o /usr/lib/gcc/aarch64-linux-gnu/9/../../../aarch64-linux-gnu/crtn.o]
    arg [/usr/lib/gcc/aarch64-linux-gnu/9/collect2] ==> ignore
    arg [-plugin] ==> ignore
    arg [/usr/lib/gcc/aarch64-linux-gnu/9/liblto_plugin.so] ==> ignore
    arg [-plugin-opt=/usr/lib/gcc/aarch64-linux-gnu/9/lto-wrapper] ==> ignore
    arg [-plugin-opt=-fresolution=/tmp/ccNuAEB8.res] ==> ignore
    arg [-plugin-opt=-pass-through=-lgcc] ==> ignore
    arg [-plugin-opt=-pass-through=-lgcc_s] ==> ignore
    arg [-plugin-opt=-pass-through=-lc] ==> ignore
    arg [-plugin-opt=-pass-through=-lgcc] ==> ignore
    arg [-plugin-opt=-pass-through=-lgcc_s] ==> ignore
    arg [--build-id] ==> ignore
    arg [--eh-frame-hdr] ==> ignore
    arg [--hash-style=gnu] ==> ignore
    arg [--as-needed] ==> ignore
    arg [-dynamic-linker] ==> ignore
    arg [/lib/ld-linux-aarch64.so.1] ==> ignore
    arg [-X] ==> ignore
    arg [-EL] ==> ignore
    arg [-maarch64linux] ==> ignore
    arg [--fix-cortex-a53-843419] ==> ignore
    arg [-pie] ==> ignore
    arg [-znow] ==> ignore
    arg [-zrelro] ==> ignore
    arg [-o] ==> ignore
    arg [cmTC_86c5a] ==> ignore
    arg [/usr/lib/gcc/aarch64-linux-gnu/9/../../../aarch64-linux-gnu/Scrt1.o] ==> ignore
    arg [/usr/lib/gcc/aarch64-linux-gnu/9/../../../aarch64-linux-gnu/crti.o] ==> ignore
    arg [/usr/lib/gcc/aarch64-linux-gnu/9/crtbeginS.o] ==> ignore
    arg [-L/usr/lib/gcc/aarch64-linux-gnu/9] ==> dir [/usr/lib/gcc/aarch64-linux-gnu/9]
    arg [-L/usr/lib/gcc/aarch64-linux-gnu/9/../../../aarch64-linux-gnu] ==> dir [/usr/lib/gcc/aarch64-linux-gnu/9/../../../aarch64-linux-gnu]
    arg [-L/usr/lib/gcc/aarch64-linux-gnu/9/../../../../lib] ==> dir [/usr/lib/gcc/aarch64-linux-gnu/9/../../../../lib]
    arg [-L/lib/aarch64-linux-gnu] ==> dir [/lib/aarch64-linux-gnu]
    arg [-L/lib/../lib] ==> dir [/lib/../lib]
    arg [-L/usr/lib/aarch64-linux-gnu] ==> dir [/usr/lib/aarch64-linux-gnu]
    arg [-L/usr/lib/../lib] ==> dir [/usr/lib/../lib]
    arg [-L/usr/lib/gcc/aarch64-linux-gnu/9/../../..] ==> dir [/usr/lib/gcc/aarch64-linux-gnu/9/../../..]
    arg [CMakeFiles/cmTC_86c5a.dir/CMakeCCompilerABI.c.o] ==> ignore
    arg [-lgcc] ==> lib [gcc]
    arg [--push-state] ==> ignore
    arg [--as-needed] ==> ignore
    arg [-lgcc_s] ==> lib [gcc_s]
    arg [--pop-state] ==> ignore
    arg [-lc] ==> lib [c]
    arg [-lgcc] ==> lib [gcc]
    arg [--push-state] ==> ignore
    arg [--as-needed] ==> ignore
    arg [-lgcc_s] ==> lib [gcc_s]
    arg [--pop-state] ==> ignore
    arg [/usr/lib/gcc/aarch64-linux-gnu/9/crtfastmath.o] ==> ignore
    arg [/usr/lib/gcc/aarch64-linux-gnu/9/crtendS.o] ==> ignore
    arg [/usr/lib/gcc/aarch64-linux-gnu/9/../../../aarch64-linux-gnu/crtn.o] ==> ignore
  collapse library dir [/usr/lib/gcc/aarch64-linux-gnu/9] ==> [/usr/lib/gcc/aarch64-linux-gnu/9]
  collapse library dir [/usr/lib/gcc/aarch64-linux-gnu/9/../../../aarch64-linux-gnu] ==> [/usr/lib/aarch64-linux-gnu]
  collapse library dir [/usr/lib/gcc/aarch64-linux-gnu/9/../../../../lib] ==> [/usr/lib]
  collapse library dir [/lib/aarch64-linux-gnu] ==> [/lib/aarch64-linux-gnu]
  collapse library dir [/lib/../lib] ==> [/lib]
  collapse library dir [/usr/lib/aarch64-linux-gnu] ==> [/usr/lib/aarch64-linux-gnu]
  collapse library dir [/usr/lib/../lib] ==> [/usr/lib]
  collapse library dir [/usr/lib/gcc/aarch64-linux-gnu/9/../../..] ==> [/usr/lib]
  implicit libs: [gcc;gcc_s;c;gcc;gcc_s]
  implicit dirs: [/usr/lib/gcc/aarch64-linux-gnu/9;/usr/lib/aarch64-linux-gnu;/usr/lib;/lib/aarch64-linux-gnu;/lib]
  implicit fwks: []


Determining if the CXX compiler works passed with the following output:
Change Dir: /truck/build/CMakeFiles/CMakeTmp

Run Build Command(s):/usr/bin/make cmTC_0788b/fast && /usr/bin/make -f CMakeFiles/cmTC_0788b.dir/build.make CMakeFiles/cmTC_0788b.dir/build
make[1]: Entering directory '/truck/build/CMakeFiles/CMakeTmp'
Building CXX object CMakeFiles/cmTC_0788b.dir/testCXXCompiler.cxx.o
/usr/bin/aarch64-linux-gnu-g++    -O3 -ffast-math -Wall -march=armv8.2-a+simd+crypto+predres -mtune=cortex-a57 -std=c++2a    -o CMakeFiles/cmTC_0788b.dir/testCXXCompiler.cxx.o -c /truck/build/CMakeFiles/CMakeTmp/testCXXCompiler.cxx
Linking CXX executable cmTC_0788b
/usr/bin/cmake -E cmake_link_script CMakeFiles/cmTC_0788b.dir/link.txt --verbose=1
/usr/bin/aarch64-linux-gnu-g++  -O3 -ffast-math -Wall -march=armv8.2-a+simd+crypto+predres -mtune=cortex-a57 -std=c++2a     CMakeFiles/cmTC_0788b.dir/testCXXCompiler.cxx.o  -o cmTC_0788b 
make[1]: Leaving directory '/truck/build/CMakeFiles/CMakeTmp'



Detecting CXX compiler ABI info compiled with the following output:
Change Dir: /truck/build/CMakeFiles/CMakeTmp

Run Build Command(s):/usr/bin/make cmTC_5341a/fast && /usr/bin/make -f CMakeFiles/cmTC_5341a.dir/build.make CMakeFiles/cmTC_5341a.dir/build
make[1]: Entering directory '/truck/build/CMakeFiles/CMakeTmp'
Building CXX object CMakeFiles/cmTC_5341a.dir/CMakeCXXCompilerABI.cpp.o
/usr/bin/aarch64-linux-gnu-g++    -O3 -ffast-math -Wall -march=armv8.2-a+simd+crypto+predres -mtune=cortex-a57 -std=c++2a    -v -o CMakeFiles/cmTC_5341a.dir/CMakeCXXCompilerABI.cpp.o -c /usr/share/cmake-3.16/Modules/CMakeCXXCompilerABI.cpp
Using built-in specs.
COLLECT_GCC=/usr/bin/aarch64-linux-gnu-g++
Target: aarch64-linux-gnu
Configured with: ../src/configure -v --with-pkgversion='Ubuntu 9.4.0-1ubuntu1~20.04.2' --with-bugurl=file:///usr/share/doc/gcc-9/README.Bugs --enable-languages=c,ada,c++,go,d,fortran,objc,obj-c++,gm2 --prefix=/usr --with-gcc-major-version-only --program-suffix=-9 --program-prefix=aarch64-linux-gnu- --enable-shared --enable-linker-build-id --libexecdir=/usr/lib --without-included-gettext --enable-threads=posix --libdir=/usr/lib --enable-nls --enable-clocale=gnu --enable-libstdcxx-debug --enable-libstdcxx-time=yes --with-default-libstdcxx-abi=new --enable-gnu-unique-object --disable-libquadmath --disable-libquadmath-support --enable-plugin --enable-default-pie --with-system-zlib --with-target-system-zlib=auto --enable-objc-gc=auto --enable-multiarch --enable-fix-cortex-a53-843419 --disable-werror --enable-checking=release --build=aarch64-linux-gnu --host=aarch64-linux-gnu --target=aarch64-linux-gnu
Thread model: posix
gcc version 9.4.0 (Ubuntu 9.4.0-1ubuntu1~20.04.2) 
COLLECT_GCC_OPTIONS='-O3' '-ffast-math' '-Wall' '-march=armv8.2-a+simd+crypto+predres' '-mtune=cortex-a57' '-std=c++2a' '-v' '-o' 'CMakeFiles/cmTC_5341a.dir/CMakeCXXCompilerABI.cpp.o' '-c' '-shared-libgcc' '-mlittle-endian' '-mabi=lp64'
 /usr/lib/gcc/aarch64-linux-gnu/9/cc1plus -quiet -v -imultiarch aarch64-linux-gnu -D_GNU_SOURCE /usr/share/cmake-3.16/Modules/CMakeCXXCompilerABI.cpp -quiet -dumpbase CMakeCXXCompilerABI.cpp -march=armv8.2-a+simd+crypto+predres -mtune=cortex-a57 -mlittle-endian -mabi=lp64 -auxbase-strip CMakeFiles/cmTC_5341a.dir/CMakeCXXCompilerABI.cpp.o -O3 -Wall -std=c++2a -version -ffast-math -fasynchronous-unwind-tables -fstack-protector-strong -Wformat-security -fstack-clash-protection -o /tmp/ccHYMjmS.s
GNU C++17 (Ubuntu 9.4.0-1ubuntu1~20.04.2) version 9.4.0 (aarch64-linux-gnu)
	compiled by GNU C version 9.4.0, GMP version 6.2.0, MPFR version 4.0.2, MPC version 1.1.0, isl version isl-0.22.1-GMP

GGC heuristics: --param ggc-min-expand=100 --param ggc-min-heapsize=131072
ignoring duplicate directory "/usr/include/aarch64-linux-gnu/c++/9"
ignoring nonexistent directory "/usr/local/include/aarch64-linux-gnu"
ignoring nonexistent directory "/usr/lib/gcc/aarch64-linux-gnu/9/include-fixed"
ignoring nonexistent directory "/usr/lib/gcc/aarch64-linux-gnu/9/../../../../aarch64-linux-gnu/include"
#include "..." search starts here:
#include <...> search starts here:
 /usr/include/c++/9
 /usr/include/aarch64-linux-gnu/c++/9
 /usr/include/c++/9/backward
 /usr/lib/gcc/aarch64-linux-gnu/9/include
 /usr/local/include
 /usr/include/aarch64-linux-gnu
 /usr/include
End of search list.
GNU C++17 (Ubuntu 9.4.0-1ubuntu1~20.04.2) version 9.4.0 (aarch64-linux-gnu)
	compiled by GNU C version 9.4.0, GMP version 6.2.0, MPFR version 4.0.2, MPC version 1.1.0, isl version isl-0.22.1-GMP

GGC heuristics: --param ggc-min-expand=100 --param ggc-min-heapsize=131072
Compiler executable checksum: 76f300a9566415b293c4e87b0a05621d
COLLECT_GCC_OPTIONS='-O3' '-ffast-math' '-Wall' '-march=armv8.2-a+simd+crypto+predres' '-mtune=cortex-a57' '-std=c++2a' '-v' '-o' 'CMakeFiles/cmTC_5341a.dir/CMakeCXXCompilerABI.cpp.o' '-c' '-shared-libgcc' '-mlittle-endian' '-mabi=lp64'
 as -v -EL -march=armv8.2-a+simd+crypto+predres -mabi=lp64 -o CMakeFiles/cmTC_5341a.dir/CMakeCXXCompilerABI.cpp.o /tmp/ccHYMjmS.s
GNU assembler version 2.34 (aarch64-linux-gnu) using BFD version (GNU Binutils for Ubuntu) 2.34
COMPILER_PATH=/usr/lib/gcc/aarch64-linux-gnu/9/:/usr/lib/gcc/aarch64-linux-gnu/9/:/usr/lib/gcc/aarch64-linux-gnu/:/usr/lib/gcc/aarch64-linux-gnu/9/:/usr/lib/gcc/aarch64-linux-gnu/
LIBRARY_PATH=/usr/lib/gcc/aarch64-linux-gnu/9/:/usr/lib/gcc/aarch64-linux-gnu/9/../../../aarch64-linux-gnu/:/usr/lib/gcc/aarch64-linux-gnu/9/../../../../lib/:/lib/aarch64-linux-gnu/:/lib/../lib/:/usr/lib/aarch64-linux-gnu/:/usr/lib/../lib/:/usr/lib/gcc/aarch64-linux-gnu/9/../../../:/lib/:/usr/lib/
COLLECT_GCC_OPTIONS='-O3' '-ffast-math' '-Wall' '-march=armv8.2-a+simd+crypto+predres' '-mtune=cortex-a57' '-std=c++2a' '-v' '-o' 'CMakeFiles/cmTC_5341a.dir/CMakeCXXCompilerABI.cpp.o' '-c' '-shared-libgcc' '-mlittle-endian' '-mabi=lp64'
Linking CXX executable cmTC_5341a
/usr/bin/cmake -E cmake_link_script CMakeFiles/cmTC_5341a.dir/link.txt --verbose=1
/usr/bin/aarch64-linux-gnu-g++  -O3 -ffast-math -Wall -march=armv8.2-a+simd+crypto+predres -mtune=cortex-a57 -std=c++2a    -v CMakeFiles/cmTC_5341a.dir/CMakeCXXCompilerABI.cpp.o  -o cmTC_5341a 
Using built-in specs.
COLLECT_GCC=/usr/bin/aarch64-linux-gnu-g++
COLLECT_LTO_WRAPPER=/usr/lib/gcc/aarch64-linux-gnu/9/lto-wrapper
Target: aarch64-linux-gnu
Configured with: ../src/configure -v --with-pkgversion='Ubuntu 9.4.0-1ubuntu1~20.04.2' --with-bugurl=file:///usr/share/doc/gcc-9/README.Bugs --enable-languages=c,ada,c++,go,d,fortran,objc,obj-c++,gm2 --prefix=/usr --with-gcc-major-version-only --program-suffix=-9 --program-prefix=aarch64-linux-gnu- --enable-shared --enable-linker-build-id --libexecdir=/usr/lib --without-included-gettext --enable-threads=posix --libdir=/usr/lib --enable-nls --enable-clocale=gnu --enable-libstdcxx-debug --enable-libstdcxx-time=yes --with-default-libstdcxx-abi=new --enable-gnu-unique-object --disable-libquadmath --disable-libquadmath-support --enable-plugin --enable-default-pie --with-system-zlib --with-target-system-zlib=auto --enable-objc-gc=auto --enable-multiarch --enable-fix-cortex-a53-843419 --disable-werror --enable-checking=release --build=aarch64-linux-gnu --host=aarch64-linux-gnu --target=aarch64-linux-gnu
Thread model: posix
gcc version 9.4.0 (Ubuntu 9.4.0-1ubuntu1~20.04.2) 
COMPILER_PATH=/usr/lib/gcc/aarch64-linux-gnu/9/:/usr/lib/gcc/aarch64-linux-gnu/9/:/usr/lib/gcc/aarch64-linux-gnu/:/usr/lib/gcc/aarch64-linux-gnu/9/:/usr/lib/gcc/aarch64-linux-gnu/
LIBRARY_PATH=/usr/lib/gcc/aarch64-linux-gnu/9/:/usr/lib/gcc/aarch64-linux-gnu/9/../../../aarch64-linux-gnu/:/usr/lib/gcc/aarch64-linux-gnu/9/../../../../lib/:/lib/aarch64-linux-gnu/:/lib/../lib/:/usr/lib/aarch64-linux-gnu/:/usr/lib/../lib/:/usr/lib/gcc/aarch64-linux-gnu/9/../../../:/lib/:/usr/lib/
COLLECT_GCC_OPTIONS='-O3' '-ffast-math' '-Wall' '-march=armv8.2-a+simd+crypto+predres' '-mtune=cortex-a57' '-std=c++2a' '-v' '-o' 'cmTC_5341a' '-shared-libgcc' '-mlittle-endian' '-mabi=lp64'
 /usr/lib/gcc/aarch64-linux-gnu/9/collect2 -plugin /usr/lib/gcc/aarch64-linux-gnu/9/liblto_plugin.so -plugin-opt=/usr/lib/gcc/aarch64-linux-gnu/9/lto-wrapper -plugin-opt=-fresolution=/tmp/cclVGnzj.res -plugin-opt=-pass-through=-lgcc_s -plugin-opt=-pass-through=-lgcc -plugin-opt=-pass-through=-lc -plugin-opt=-pass-through=-lgcc_s -plugin-opt=-pass-through=-lgcc --build-id --eh-frame-hdr --hash-style=gnu --as-needed -dynamic-linker /lib/ld-linux-aarch64.so.1 -X -EL -maarch64linux --fix-cortex-a53-843419 -pie -z now -z relro -o cmTC_5341a /usr/lib/gcc/aarch64-linux-gnu/9/../../../aarch64-linux-gnu/Scrt1.o /usr/lib/gcc/aarch64-linux-gnu/9/../../../aarch64-linux-gnu/crti.o /usr/lib/gcc/aarch64-linux-gnu/9/crtbeginS.o -L/usr/lib/gcc/aarch64-linux-gnu/9 -L/usr/lib/gcc/aarch64-linux-gnu/9/../../../aarch64-linux-gnu -L/usr/lib/gcc/aarch64-linux-gnu/9/../../../../lib -L/lib/aarch64-linux-gnu -L/lib/../lib -L/usr/lib/aarch64-linux-gnu -L/usr/lib/../lib -L/usr/lib/gcc/aarch64-linux-gnu/9/../../.. CMakeFiles/cmTC_5341a.dir/CMakeCXXCompilerABI.cpp.o -lstdc++ -lm -lgcc_s -lgcc -lc -lgcc_s -lgcc /usr/lib/gcc/aarch64-linux-gnu/9/crtfastmath.o /usr/lib/gcc/aarch64-linux-gnu/9/crtendS.o /usr/lib/gcc/aarch64-linux-gnu/9/../../../aarch64-linux-gnu/crtn.o
COLLECT_GCC_OPTIONS='-O3' '-ffast-math' '-Wall' '-march=armv8.2-a+simd+crypto+predres' '-mtune=cortex-a57' '-std=c++2a' '-v' '-o' 'cmTC_5341a' '-shared-libgcc' '-mlittle-endian' '-mabi=lp64'
make[1]: Leaving directory '/truck/build/CMakeFiles/CMakeTmp'



Parsed CXX implicit include dir info from above output: rv=done
  found start of include info
  found start of implicit include info
    add: [/usr/include/c++/9]
    add: [/usr/include/aarch64-linux-gnu/c++/9]
    add: [/usr/include/c++/9/backward]
    add: [/usr/lib/gcc/aarch64-linux-gnu/9/include]
    add: [/usr/local/include]
    add: [/usr/include/aarch64-linux-gnu]
    add: [/usr/include]
  end of search list found
  collapse include dir [/usr/include/c++/9] ==> [/usr/include/c++/9]
  collapse include dir [/usr/include/aarch64-linux-gnu/c++/9] ==> [/usr/include/aarch64-linux-gnu/c++/9]
  collapse include dir [/usr/include/c++/9/backward] ==> [/usr/include/c++/9/backward]
  collapse include dir [/usr/lib/gcc/aarch64-linux-gnu/9/include] ==> [/usr/lib/gcc/aarch64-linux-gnu/9/include]
  collapse include dir [/usr/local/include] ==> [/usr/local/include]
  collapse include dir [/usr/include/aarch64-linux-gnu] ==> [/usr/include/aarch64-linux-gnu]
  collapse include dir [/usr/include] ==> [/usr/include]
  implicit include dirs: [/usr/include/c++/9;/usr/include/aarch64-linux-gnu/c++/9;/usr/include/c++/9/backward;/usr/lib/gcc/aarch64-linux-gnu/9/include;/usr/local/include;/usr/include/aarch64-linux-gnu;/usr/include]


Parsed CXX implicit link information from above output:
  link line regex: [^( *|.*[/\])(ld|CMAKE_LINK_STARTFILE-NOTFOUND|([^/\]+-)?ld|collect2)[^/\]*( |$)]
  ignore line: [Change Dir: /truck/build/CMakeFiles/CMakeTmp]
  ignore line: []
  ignore line: [Run Build Command(s):/usr/bin/make cmTC_5341a/fast && /usr/bin/make -f CMakeFiles/cmTC_5341a.dir/build.make CMakeFiles/cmTC_5341a.dir/build]
  ignore line: [make[1]: Entering directory '/truck/build/CMakeFiles/CMakeTmp']
  ignore line: [Building CXX object CMakeFiles/cmTC_5341a.dir/CMakeCXXCompilerABI.cpp.o]
  ignore line: [/usr/bin/aarch64-linux-gnu-g++    -O3 -ffast-math -Wall -march=armv8.2-a+simd+crypto+predres -mtune=cortex-a57 -std=c++2a    -v -o CMakeFiles/cmTC_5341a.dir/CMakeCXXCompilerABI.cpp.o -c /usr/share/cmake-3.16/Modules/CMakeCXXCompilerABI.cpp]
  ignore line: [Using built-in specs.]
  ignore line: [COLLECT_GCC=/usr/bin/aarch64-linux-gnu-g++]
  ignore line: [Target: aarch64-linux-gnu]
  ignore line: [Configured with: ../src/configure -v --with-pkgversion='Ubuntu 9.4.0-1ubuntu1~20.04.2' --with-bugurl=file:///usr/share/doc/gcc-9/README.Bugs --enable-languages=c ada c++ go d fortran objc obj-c++ gm2 --prefix=/usr --with-gcc-major-version-only --program-suffix=-9 --program-prefix=aarch64-linux-gnu- --enable-shared --enable-linker-build-id --libexecdir=/usr/lib --without-included-gettext --enable-threads=posix --libdir=/usr/lib --enable-nls --enable-clocale=gnu --enable-libstdcxx-debug --enable-libstdcxx-time=yes --with-default-libstdcxx-abi=new --enable-gnu-unique-object --disable-libquadmath --disable-libquadmath-support --enable-plugin --enable-default-pie --with-system-zlib --with-target-system-zlib=auto --enable-objc-gc=auto --enable-multiarch --enable-fix-cortex-a53-843419 --disable-werror --enable-checking=release --build=aarch64-linux-gnu --host=aarch64-linux-gnu --target=aarch64-linux-gnu]
  ignore line: [Thread model: posix]
  ignore line: [gcc version 9.4.0 (Ubuntu 9.4.0-1ubuntu1~20.04.2) ]
  ignore line: [COLLECT_GCC_OPTIONS='-O3' '-ffast-math' '-Wall' '-march=armv8.2-a+simd+crypto+predres' '-mtune=cortex-a57' '-std=c++2a' '-v' '-o' 'CMakeFiles/cmTC_5341a.dir/CMakeCXXCompilerABI.cpp.o' '-c' '-shared-libgcc' '-mlittle-endian' '-mabi=lp64']
  ignore line: [ /usr/lib/gcc/aarch64-linux-gnu/9/cc1plus -quiet -v -imultiarch aarch64-linux-gnu -D_GNU_SOURCE /usr/share/cmake-3.16/Modules/CMakeCXXCompilerABI.cpp -quiet -dumpbase CMakeCXXCompilerABI.cpp -march=armv8.2-a+simd+crypto+predres -mtune=cortex-a57 -mlittle-endian -mabi=lp64 -auxbase-strip CMakeFiles/cmTC_5341a.dir/CMakeCXXCompilerABI.cpp.o -O3 -Wall -std=c++2a -version -ffast-math -fasynchronous-unwind-tables -fstack-protector-strong -Wformat-security -fstack-clash-protection -o /tmp/ccHYMjmS.s]
  ignore line: [GNU C++17 (Ubuntu 9.4.0-1ubuntu1~20.04.2) version 9.4.0 (aarch64-linux-gnu)]
  ignore line: [	compiled by GNU C version 9.4.0  GMP version 6.2.0  MPFR version 4.0.2  MPC version 1.1.0  isl version isl-0.22.1-GMP]
  ignore line: []
  ignore line: [GGC heuristics: --param ggc-min-expand=100 --param ggc-min-heapsize=131072]
  ignore line: [ignoring duplicate directory "/usr/include/aarch64-linux-gnu/c++/9"]
  ignore line: [ignoring nonexistent directory "/usr/local/include/aarch64-linux-gnu"]
  ignore line: [ignoring nonexistent directory "/usr/lib/gcc/aarch64-linux-gnu/9/include-fixed"]
  ignore line: [ignoring nonexistent directory "/usr/lib/gcc/aarch64-linux-gnu/9/../../../../aarch64-linux-gnu/include"]
  ignore line: [#include "..." search starts here:]
  ignore line: [#include <...> search starts here:]
  ignore line: [ /usr/include/c++/9]
  ignore line: [ /usr/include/aarch64-linux-gnu/c++/9]
  ignore line: [ /usr/include/c++/9/backward]
  ignore line: [ /usr/lib/gcc/aarch64-linux-gnu/9/include]
  ignore line: [ /usr/local/include]
  ignore line: [ /usr/include/aarch64-linux-gnu]
  ignore line: [ /usr/include]
  ignore line: [End of search list.]
  ignore line: [GNU C++17 (Ubuntu 9.4.0-1ubuntu1~20.04.2) version 9.4.0 (aarch64-linux-gnu)]
  ignore line: [	compiled by GNU C version 9.4.0  GMP version 6.2.0  MPFR version 4.0.2  MPC version 1.1.0  isl version isl-0.22.1-GMP]
  ignore line: []
  ignore line: [GGC heuristics: --param ggc-min-expand=100 --param ggc-min-heapsize=131072]
  ignore line: [Compiler executable checksum: 76f300a9566415b293c4e87b0a05621d]
  ignore line: [COLLECT_GCC_OPTIONS='-O3' '-ffast-math' '-Wall' '-march=armv8.2-a+simd+crypto+predres' '-mtune=cortex-a57' '-std=c++2a' '-v' '-o' 'CMakeFiles/cmTC_5341a.dir/CMakeCXXCompilerABI.cpp.o' '-c' '-shared-libgcc' '-mlittle-endian' '-mabi=lp64']
  ignore line: [ as -v -EL -march=armv8.2-a+simd+crypto+predres -mabi=lp64 -o CMakeFiles/cmTC_5341a.dir/CMakeCXXCompilerABI.cpp.o /tmp/ccHYMjmS.s]
  ignore line: [GNU assembler version 2.34 (aarch64-linux-gnu) using BFD version (GNU Binutils for Ubuntu) 2.34]
  ignore line: [COMPILER_PATH=/usr/lib/gcc/aarch64-linux-gnu/9/:/usr/lib/gcc/aarch64-linux-gnu/9/:/usr/lib/gcc/aarch64-linux-gnu/:/usr/lib/gcc/aarch64-linux-gnu/9/:/usr/lib/gcc/aarch64-linux-gnu/]
  ignore line: [LIBRARY_PATH=/usr/lib/gcc/aarch64-linux-gnu/9/:/usr/lib/gcc/aarch64-linux-gnu/9/../../../aarch64-linux-gnu/:/usr/lib/gcc/aarch64-linux-gnu/9/../../../../lib/:/lib/aarch64-linux-gnu/:/lib/../lib/:/usr/lib/aarch64-linux-gnu/:/usr/lib/../lib/:/usr/lib/gcc/aarch64-linux-gnu/9/../../../:/lib/:/usr/lib/]
  ignore line: [COLLECT_GCC_OPTIONS='-O3' '-ffast-math' '-Wall' '-march=armv8.2-a+simd+crypto+predres' '-mtune=cortex-a57' '-std=c++2a' '-v' '-o' 'CMakeFiles/cmTC_5341a.dir/CMakeCXXCompilerABI.cpp.o' '-c' '-shared-libgcc' '-mlittle-endian' '-mabi=lp64']
  ignore line: [Linking CXX executable cmTC_5341a]
  ignore line: [/usr/bin/cmake -E cmake_link_script CMakeFiles/cmTC_5341a.dir/link.txt --verbose=1]
  ignore line: [/usr/bin/aarch64-linux-gnu-g++  -O3 -ffast-math -Wall -march=armv8.2-a+simd+crypto+predres -mtune=cortex-a57 -std=c++2a    -v CMakeFiles/cmTC_5341a.dir/CMakeCXXCompilerABI.cpp.o  -o cmTC_5341a ]
  ignore line: [Using built-in specs.]
  ignore line: [COLLECT_GCC=/usr/bin/aarch64-linux-gnu-g++]
  ignore line: [COLLECT_LTO_WRAPPER=/usr/lib/gcc/aarch64-linux-gnu/9/lto-wrapper]
  ignore line: [Target: aarch64-linux-gnu]
  ignore line: [Configured with: ../src/configure -v --with-pkgversion='Ubuntu 9.4.0-1ubuntu1~20.04.2' --with-bugurl=file:///usr/share/doc/gcc-9/README.Bugs --enable-languages=c ada c++ go d fortran objc obj-c++ gm2 --prefix=/usr --with-gcc-major-version-only --program-suffix=-9 --program-prefix=aarch64-linux-gnu- --enable-shared --enable-linker-build-id --libexecdir=/usr/lib --without-included-gettext --enable-threads=posix --libdir=/usr/lib --enable-nls --enable-clocale=gnu --enable-libstdcxx-debug --enable-libstdcxx-time=yes --with-default-libstdcxx-abi=new --enable-gnu-unique-object --disable-libquadmath --disable-libquadmath-support --enable-plugin --enable-default-pie --with-system-zlib --with-target-system-zlib=auto --enable-objc-gc=auto --enable-multiarch --enable-fix-cortex-a53-843419 --disable-werror --enable-checking=release --build=aarch64-linux-gnu --host=aarch64-linux-gnu --target=aarch64-linux-gnu]
  ignore line: [Thread model: posix]
  ignore line: [gcc version 9.4.0 (Ubuntu 9.4.0-1ubuntu1~20.04.2) ]
  ignore line: [COMPILER_PATH=/usr/lib/gcc/aarch64-linux-gnu/9/:/usr/lib/gcc/aarch64-linux-gnu/9/:/usr/lib/gcc/aarch64-linux-gnu/:/usr/lib/gcc/aarch64-linux-gnu/9/:/usr/lib/gcc/aarch64-linux-gnu/]
  ignore line: [LIBRARY_PATH=/usr/lib/gcc/aarch64-linux-gnu/9/:/usr/lib/gcc/aarch64-linux-gnu/9/../../../aarch64-linux-gnu/:/usr/lib/gcc/aarch64-linux-gnu/9/../../../../lib/:/lib/aarch64-linux-gnu/:/lib/../lib/:/usr/lib/aarch64-linux-gnu/:/usr/lib/../lib/:/usr/lib/gcc/aarch64-linux-gnu/9/../../../:/lib/:/usr/lib/]
  ignore line: [COLLECT_GCC_OPTIONS='-O3' '-ffast-math' '-Wall' '-march=armv8.2-a+simd+crypto+predres' '-mtune=cortex-a57' '-std=c++2a' '-v' '-o' 'cmTC_5341a' '-shared-libgcc' '-mlittle-endian' '-mabi=lp64']
  link line: [ /usr/lib/gcc/aarch64-linux-gnu/9/collect2 -plugin /usr/lib/gcc/aarch64-linux-gnu/9/liblto_plugin.so -plugin-opt=/usr/lib/gcc/aarch64-linux-gnu/9/lto-wrapper -plugin-opt=-fresolution=/tmp/cclVGnzj.res -plugin-opt=-pass-through=-lgcc_s -plugin-opt=-pass-through=-lgcc -plugin-opt=-pass-through=-lc -plugin-opt=-pass-through=-lgcc_s -plugin-opt=-pass-through=-lgcc --build-id --eh-frame-hdr --hash-style=gnu --as-needed -dynamic-linker /lib/ld-linux-aarch64.so.1 -X -EL -maarch64linux --fix-cortex-a53-843419 -pie -z now -z relro -o cmTC_5341a /usr/lib/gcc/aarch64-linux-gnu/9/../../../aarch64-linux-gnu/Scrt1.o /usr/lib/gcc/aarch64-linux-gnu/9/../../../aarch64-linux-gnu/crti.o /usr/lib/gcc/aarch64-linux-gnu/9/crtbeginS.o -L/usr/lib/gcc/aarch64-linux-gnu/9 -L/usr/lib/gcc/aarch64-linux-gnu/9/../../../aarch64-linux-gnu -L/usr/lib/gcc/aarch64-linux-gnu/9/../../../../lib -L/lib/aarch64-linux-gnu -L/lib/../lib -L/usr/lib/aarch64-linux-gnu -L/usr/lib/../lib -L/usr/lib/gcc/aarch64-linux-gnu/9/../../.. CMakeFiles/cmTC_5341a.dir/CMakeCXXCompilerABI.cpp.o -lstdc++ -lm -lgcc_s -lgcc -lc -lgcc_s -lgcc /usr/lib/gcc/aarch64-linux-gnu/9/crtfastmath.o /usr/lib/gcc/aarch64-linux-gnu/9/crtendS.o /usr/lib/gcc/aarch64-linux-gnu/9/../../../aarch64-linux-gnu/crtn.o]
    arg [/usr/lib/gcc/aarch64-linux-gnu/9/collect2] ==> ignore
    arg [-plugin] ==> ignore
    arg [/usr/lib/gcc/aarch64-linux-gnu/9/liblto_plugin.so] ==> ignore
    arg [-plugin-opt=/usr/lib/gcc/aarch64-linux-gnu/9/lto-wrapper] ==> ignore
    arg [-plugin-opt=-fresolution=/tmp/cclVGnzj.res] ==> ignore
    arg [-plugin-opt=-pass-through=-lgcc_s] ==> ignore
    arg [-plugin-opt=-pass-through=-lgcc] ==> ignore
    arg [-plugin-opt=-pass-through=-lc] ==> ignore
    arg [-plugin-opt=-pass-through=-lgcc_s] ==> ignore
    arg [-plugin-opt=-pass-through=-lgcc] ==> ignore
    arg [--build-id] ==> ignore
    arg [--eh-frame-hdr] ==> ignore
    arg [--hash-style=gnu] ==> ignore
    arg [--as-needed] ==> ignore
    arg [-dynamic-linker] ==> ignore
    arg [/lib/ld-linux-aarch64.so.1] ==> ignore
    arg [-X] ==> ignore
    arg [-EL] ==> ignore
    arg [-maarch64linux] ==> ignore
    arg [--fix-cortex-a53-843419] ==> ignore
    arg [-pie] ==> ignore
    arg [-znow] ==> ignore
    arg [-zrelro] ==> ignore
    arg [-o] ==> ignore
    arg [cmTC_5341a] ==> ignore
    arg [/usr/lib/gcc/aarch64-linux-gnu/9/../../../aarch64-linux-gnu/Scrt1.o] ==> ignore
    arg [/usr/lib/gcc/aarch64-linux-gnu/9/../../../aarch64-linux-gnu/crti.o] ==> ignore
    arg [/usr/lib/gcc/aarch64-linux-gnu/9/crtbeginS.o] ==> ignore
    arg [-L/usr/lib/gcc/aarch64-linux-gnu/9] ==> dir [/usr/lib/gcc/aarch64-linux-gnu/9]
    arg [-L/usr/lib/gcc/aarch64-linux-gnu/9/../../../aarch64-linux-gnu] ==> dir [/usr/lib/gcc/aarch64-linux-gnu/9/../../../aarch64-linux-gnu]
    arg [-L/usr/lib/gcc/aarch64-linux-gnu/9/../../../../lib] ==> dir [/usr/lib/gcc/aarch64-linux-gnu/9/../../../../lib]
    arg [-L/lib/aarch64-linux-gnu] ==> dir [/lib/aarch64-linux-gnu]
    arg [-L/lib/../lib] ==> dir [/lib/../lib]
    arg [-L/usr/lib/aarch64-linux-gnu] ==> dir [/usr/lib/aarch64-linux-gnu]
    arg [-L/usr/lib/../lib] ==> dir [/usr/lib/../lib]
    arg [-L/usr/lib/gcc/aarch64-linux-gnu/9/../../..] ==> dir [/usr/lib/gcc/aarch64-linux-gnu/9/../../..]
    arg [CMakeFiles/cmTC_5341a.dir/CMakeCXXCompilerABI.cpp.o] ==> ignore
    arg [-lstdc++] ==> lib [stdc++]
    arg [-lm] ==> lib [m]
    arg [-lgcc_s] ==> lib [gcc_s]
    arg [-lgcc] ==> lib [gcc]
    arg [-lc] ==> lib [c]
    arg [-lgcc_s] ==> lib [gcc_s]
    arg [-lgcc] ==> lib [gcc]
    arg [/usr/lib/gcc/aarch64-linux-gnu/9/crtfastmath.o] ==> ignore
    arg [/usr/lib/gcc/aarch64-linux-gnu/9/crtendS.o] ==> ignore
    arg [/usr/lib/gcc/aarch64-linux-gnu/9/../../../aarch64-linux-gnu/crtn.o] ==> ignore
  collapse library dir [/usr/lib/gcc/aarch64-linux-gnu/9] ==> [/usr/lib/gcc/aarch64-linux-gnu/9]
  collapse library dir [/usr/lib/gcc/aarch64-linux-gnu/9/../../../aarch64-linux-gnu] ==> [/usr/lib/aarch64-linux-gnu]
  collapse library dir [/usr/lib/gcc/aarch64-linux-gnu/9/../../../../lib] ==> [/usr/lib]
  collapse library dir [/lib/aarch64-linux-gnu] ==> [/lib/aarch64-linux-gnu]
  collapse library dir [/lib/../lib] ==> [/lib]
  collapse library dir [/usr/lib/aarch64-linux-gnu] ==> [/usr/lib/aarch64-linux-gnu]
  collapse library dir [/usr/lib/../lib] ==> [/usr/lib]
  collapse library dir [/usr/lib/gcc/aarch64-linux-gnu/9/../../..] ==> [/usr/lib]
  implicit libs: [stdc++;m;gcc_s;gcc;c;gcc_s;gcc]
  implicit dirs: [/usr/lib/gcc/aarch64-linux-gnu/9;/usr/lib/aarch64-linux-gnu;/usr/lib;/lib/aarch64-linux-gnu;/lib]
  implicit fwks: []


